[2024-04-02T22:20:52.938+0000] {processor.py:161} INFO - Started process (PID=50) to work on /home/airflow/.local/lib/python3.8/site-packages/airflow/example_dags/example_python_decorator.py
[2024-04-02T22:20:52.939+0000] {processor.py:830} INFO - Processing file /home/airflow/.local/lib/python3.8/site-packages/airflow/example_dags/example_python_decorator.py for tasks to queue
[2024-04-02T22:20:52.939+0000] {logging_mixin.py:188} INFO - [2024-04-02T22:20:52.939+0000] {dagbag.py:540} INFO - Filling up the DagBag from /home/airflow/.local/lib/python3.8/site-packages/airflow/example_dags/example_python_decorator.py
[2024-04-02T22:20:52.949+0000] {processor.py:840} INFO - DAG(s) 'example_python_decorator' retrieved from /home/airflow/.local/lib/python3.8/site-packages/airflow/example_dags/example_python_decorator.py
[2024-04-02T22:20:52.959+0000] {logging_mixin.py:188} INFO - [2024-04-02T22:20:52.959+0000] {dag.py:3047} INFO - Sync 1 DAGs
[2024-04-02T22:20:52.969+0000] {logging_mixin.py:188} INFO - [2024-04-02T22:20:52.969+0000] {dag.py:3834} INFO - Setting next_dagrun for example_python_decorator to None, run_after=None
[2024-04-02T22:20:53.020+0000] {processor.py:183} INFO - Processing /home/airflow/.local/lib/python3.8/site-packages/airflow/example_dags/example_python_decorator.py took 0.083 seconds
[2024-04-02T22:21:23.606+0000] {processor.py:161} INFO - Started process (PID=105) to work on /home/airflow/.local/lib/python3.8/site-packages/airflow/example_dags/example_python_decorator.py
[2024-04-02T22:21:23.606+0000] {processor.py:830} INFO - Processing file /home/airflow/.local/lib/python3.8/site-packages/airflow/example_dags/example_python_decorator.py for tasks to queue
[2024-04-02T22:21:23.608+0000] {logging_mixin.py:188} INFO - [2024-04-02T22:21:23.607+0000] {dagbag.py:540} INFO - Filling up the DagBag from /home/airflow/.local/lib/python3.8/site-packages/airflow/example_dags/example_python_decorator.py
[2024-04-02T22:21:23.621+0000] {processor.py:840} INFO - DAG(s) 'example_python_decorator' retrieved from /home/airflow/.local/lib/python3.8/site-packages/airflow/example_dags/example_python_decorator.py
[2024-04-02T22:21:23.701+0000] {logging_mixin.py:188} INFO - [2024-04-02T22:21:23.701+0000] {dag.py:3047} INFO - Sync 1 DAGs
[2024-04-02T22:21:23.709+0000] {logging_mixin.py:188} INFO - [2024-04-02T22:21:23.708+0000] {dag.py:3834} INFO - Setting next_dagrun for example_python_decorator to None, run_after=None
[2024-04-02T22:21:23.734+0000] {processor.py:183} INFO - Processing /home/airflow/.local/lib/python3.8/site-packages/airflow/example_dags/example_python_decorator.py took 0.130 seconds
[2024-04-02T22:21:53.853+0000] {processor.py:161} INFO - Started process (PID=160) to work on /home/airflow/.local/lib/python3.8/site-packages/airflow/example_dags/example_python_decorator.py
[2024-04-02T22:21:53.854+0000] {processor.py:830} INFO - Processing file /home/airflow/.local/lib/python3.8/site-packages/airflow/example_dags/example_python_decorator.py for tasks to queue
[2024-04-02T22:21:53.855+0000] {logging_mixin.py:188} INFO - [2024-04-02T22:21:53.855+0000] {dagbag.py:540} INFO - Filling up the DagBag from /home/airflow/.local/lib/python3.8/site-packages/airflow/example_dags/example_python_decorator.py
[2024-04-02T22:21:53.861+0000] {processor.py:840} INFO - DAG(s) 'example_python_decorator' retrieved from /home/airflow/.local/lib/python3.8/site-packages/airflow/example_dags/example_python_decorator.py
[2024-04-02T22:21:53.877+0000] {logging_mixin.py:188} INFO - [2024-04-02T22:21:53.877+0000] {dag.py:3047} INFO - Sync 1 DAGs
[2024-04-02T22:21:53.886+0000] {logging_mixin.py:188} INFO - [2024-04-02T22:21:53.885+0000] {dag.py:3834} INFO - Setting next_dagrun for example_python_decorator to None, run_after=None
[2024-04-02T22:21:53.898+0000] {processor.py:183} INFO - Processing /home/airflow/.local/lib/python3.8/site-packages/airflow/example_dags/example_python_decorator.py took 0.046 seconds
[2024-04-02T22:22:24.636+0000] {processor.py:161} INFO - Started process (PID=215) to work on /home/airflow/.local/lib/python3.8/site-packages/airflow/example_dags/example_python_decorator.py
[2024-04-02T22:22:24.637+0000] {processor.py:830} INFO - Processing file /home/airflow/.local/lib/python3.8/site-packages/airflow/example_dags/example_python_decorator.py for tasks to queue
[2024-04-02T22:22:24.637+0000] {logging_mixin.py:188} INFO - [2024-04-02T22:22:24.637+0000] {dagbag.py:540} INFO - Filling up the DagBag from /home/airflow/.local/lib/python3.8/site-packages/airflow/example_dags/example_python_decorator.py
[2024-04-02T22:22:24.644+0000] {processor.py:840} INFO - DAG(s) 'example_python_decorator' retrieved from /home/airflow/.local/lib/python3.8/site-packages/airflow/example_dags/example_python_decorator.py
[2024-04-02T22:22:24.658+0000] {logging_mixin.py:188} INFO - [2024-04-02T22:22:24.658+0000] {dag.py:3047} INFO - Sync 1 DAGs
[2024-04-02T22:22:24.665+0000] {logging_mixin.py:188} INFO - [2024-04-02T22:22:24.665+0000] {dag.py:3834} INFO - Setting next_dagrun for example_python_decorator to None, run_after=None
[2024-04-02T22:22:24.676+0000] {processor.py:183} INFO - Processing /home/airflow/.local/lib/python3.8/site-packages/airflow/example_dags/example_python_decorator.py took 0.041 seconds
