[2024-04-02T22:20:52.554+0000] {processor.py:161} INFO - Started process (PID=44) to work on /home/airflow/.local/lib/python3.8/site-packages/airflow/example_dags/example_branch_python_dop_operator_3.py
[2024-04-02T22:20:52.555+0000] {processor.py:830} INFO - Processing file /home/airflow/.local/lib/python3.8/site-packages/airflow/example_dags/example_branch_python_dop_operator_3.py for tasks to queue
[2024-04-02T22:20:52.556+0000] {logging_mixin.py:188} INFO - [2024-04-02T22:20:52.555+0000] {dagbag.py:540} INFO - Filling up the DagBag from /home/airflow/.local/lib/python3.8/site-packages/airflow/example_dags/example_branch_python_dop_operator_3.py
[2024-04-02T22:20:52.563+0000] {processor.py:840} INFO - DAG(s) 'example_branch_dop_operator_v3' retrieved from /home/airflow/.local/lib/python3.8/site-packages/airflow/example_dags/example_branch_python_dop_operator_3.py
[2024-04-02T22:20:52.572+0000] {logging_mixin.py:188} INFO - [2024-04-02T22:20:52.572+0000] {dag.py:3047} INFO - Sync 1 DAGs
[2024-04-02T22:20:52.591+0000] {logging_mixin.py:188} INFO - [2024-04-02T22:20:52.591+0000] {dag.py:3834} INFO - Setting next_dagrun for example_branch_dop_operator_v3 to 2024-04-02 22:19:00+00:00, run_after=2024-04-02 22:20:00+00:00
[2024-04-02T22:20:52.637+0000] {processor.py:183} INFO - Processing /home/airflow/.local/lib/python3.8/site-packages/airflow/example_dags/example_branch_python_dop_operator_3.py took 0.085 seconds
[2024-04-02T22:21:23.120+0000] {processor.py:161} INFO - Started process (PID=99) to work on /home/airflow/.local/lib/python3.8/site-packages/airflow/example_dags/example_branch_python_dop_operator_3.py
[2024-04-02T22:21:23.120+0000] {processor.py:830} INFO - Processing file /home/airflow/.local/lib/python3.8/site-packages/airflow/example_dags/example_branch_python_dop_operator_3.py for tasks to queue
[2024-04-02T22:21:23.121+0000] {logging_mixin.py:188} INFO - [2024-04-02T22:21:23.121+0000] {dagbag.py:540} INFO - Filling up the DagBag from /home/airflow/.local/lib/python3.8/site-packages/airflow/example_dags/example_branch_python_dop_operator_3.py
[2024-04-02T22:21:23.126+0000] {processor.py:840} INFO - DAG(s) 'example_branch_dop_operator_v3' retrieved from /home/airflow/.local/lib/python3.8/site-packages/airflow/example_dags/example_branch_python_dop_operator_3.py
[2024-04-02T22:21:23.185+0000] {logging_mixin.py:188} INFO - [2024-04-02T22:21:23.185+0000] {dag.py:3047} INFO - Sync 1 DAGs
[2024-04-02T22:21:23.201+0000] {logging_mixin.py:188} INFO - [2024-04-02T22:21:23.201+0000] {dag.py:3834} INFO - Setting next_dagrun for example_branch_dop_operator_v3 to 2024-04-02 22:20:00+00:00, run_after=2024-04-02 22:21:00+00:00
[2024-04-02T22:21:23.219+0000] {processor.py:183} INFO - Processing /home/airflow/.local/lib/python3.8/site-packages/airflow/example_dags/example_branch_python_dop_operator_3.py took 0.101 seconds
[2024-04-02T22:21:53.630+0000] {processor.py:161} INFO - Started process (PID=154) to work on /home/airflow/.local/lib/python3.8/site-packages/airflow/example_dags/example_branch_python_dop_operator_3.py
[2024-04-02T22:21:53.631+0000] {processor.py:830} INFO - Processing file /home/airflow/.local/lib/python3.8/site-packages/airflow/example_dags/example_branch_python_dop_operator_3.py for tasks to queue
[2024-04-02T22:21:53.632+0000] {logging_mixin.py:188} INFO - [2024-04-02T22:21:53.631+0000] {dagbag.py:540} INFO - Filling up the DagBag from /home/airflow/.local/lib/python3.8/site-packages/airflow/example_dags/example_branch_python_dop_operator_3.py
[2024-04-02T22:21:53.636+0000] {processor.py:840} INFO - DAG(s) 'example_branch_dop_operator_v3' retrieved from /home/airflow/.local/lib/python3.8/site-packages/airflow/example_dags/example_branch_python_dop_operator_3.py
[2024-04-02T22:21:53.650+0000] {logging_mixin.py:188} INFO - [2024-04-02T22:21:53.650+0000] {dag.py:3047} INFO - Sync 1 DAGs
[2024-04-02T22:21:53.673+0000] {logging_mixin.py:188} INFO - [2024-04-02T22:21:53.673+0000] {dag.py:3834} INFO - Setting next_dagrun for example_branch_dop_operator_v3 to 2024-04-02 22:20:00+00:00, run_after=2024-04-02 22:21:00+00:00
[2024-04-02T22:21:53.688+0000] {processor.py:183} INFO - Processing /home/airflow/.local/lib/python3.8/site-packages/airflow/example_dags/example_branch_python_dop_operator_3.py took 0.059 seconds
[2024-04-02T22:22:24.461+0000] {processor.py:161} INFO - Started process (PID=209) to work on /home/airflow/.local/lib/python3.8/site-packages/airflow/example_dags/example_branch_python_dop_operator_3.py
[2024-04-02T22:22:24.461+0000] {processor.py:830} INFO - Processing file /home/airflow/.local/lib/python3.8/site-packages/airflow/example_dags/example_branch_python_dop_operator_3.py for tasks to queue
[2024-04-02T22:22:24.462+0000] {logging_mixin.py:188} INFO - [2024-04-02T22:22:24.462+0000] {dagbag.py:540} INFO - Filling up the DagBag from /home/airflow/.local/lib/python3.8/site-packages/airflow/example_dags/example_branch_python_dop_operator_3.py
[2024-04-02T22:22:24.467+0000] {processor.py:840} INFO - DAG(s) 'example_branch_dop_operator_v3' retrieved from /home/airflow/.local/lib/python3.8/site-packages/airflow/example_dags/example_branch_python_dop_operator_3.py
[2024-04-02T22:22:24.483+0000] {logging_mixin.py:188} INFO - [2024-04-02T22:22:24.482+0000] {dag.py:3047} INFO - Sync 1 DAGs
[2024-04-02T22:22:24.500+0000] {logging_mixin.py:188} INFO - [2024-04-02T22:22:24.500+0000] {dag.py:3834} INFO - Setting next_dagrun for example_branch_dop_operator_v3 to 2024-04-02 22:21:00+00:00, run_after=2024-04-02 22:22:00+00:00
[2024-04-02T22:22:24.513+0000] {processor.py:183} INFO - Processing /home/airflow/.local/lib/python3.8/site-packages/airflow/example_dags/example_branch_python_dop_operator_3.py took 0.054 seconds
