[2024-04-02T22:20:52.484+0000] {processor.py:161} INFO - Started process (PID=42) to work on /home/airflow/.local/lib/python3.8/site-packages/airflow/example_dags/example_python_operator.py
[2024-04-02T22:20:52.484+0000] {processor.py:830} INFO - Processing file /home/airflow/.local/lib/python3.8/site-packages/airflow/example_dags/example_python_operator.py for tasks to queue
[2024-04-02T22:20:52.486+0000] {logging_mixin.py:188} INFO - [2024-04-02T22:20:52.486+0000] {dagbag.py:540} INFO - Filling up the DagBag from /home/airflow/.local/lib/python3.8/site-packages/airflow/example_dags/example_python_operator.py
[2024-04-02T22:20:52.500+0000] {processor.py:840} INFO - DAG(s) 'example_python_operator' retrieved from /home/airflow/.local/lib/python3.8/site-packages/airflow/example_dags/example_python_operator.py
[2024-04-02T22:20:52.510+0000] {logging_mixin.py:188} INFO - [2024-04-02T22:20:52.510+0000] {dag.py:3047} INFO - Sync 1 DAGs
[2024-04-02T22:20:52.522+0000] {logging_mixin.py:188} INFO - [2024-04-02T22:20:52.522+0000] {dag.py:3834} INFO - Setting next_dagrun for example_python_operator to None, run_after=None
[2024-04-02T22:20:52.540+0000] {processor.py:183} INFO - Processing /home/airflow/.local/lib/python3.8/site-packages/airflow/example_dags/example_python_operator.py took 0.059 seconds
[2024-04-02T22:21:22.985+0000] {processor.py:161} INFO - Started process (PID=97) to work on /home/airflow/.local/lib/python3.8/site-packages/airflow/example_dags/example_python_operator.py
[2024-04-02T22:21:22.985+0000] {processor.py:830} INFO - Processing file /home/airflow/.local/lib/python3.8/site-packages/airflow/example_dags/example_python_operator.py for tasks to queue
[2024-04-02T22:21:22.986+0000] {logging_mixin.py:188} INFO - [2024-04-02T22:21:22.986+0000] {dagbag.py:540} INFO - Filling up the DagBag from /home/airflow/.local/lib/python3.8/site-packages/airflow/example_dags/example_python_operator.py
[2024-04-02T22:21:22.993+0000] {processor.py:840} INFO - DAG(s) 'example_python_operator' retrieved from /home/airflow/.local/lib/python3.8/site-packages/airflow/example_dags/example_python_operator.py
[2024-04-02T22:21:23.056+0000] {logging_mixin.py:188} INFO - [2024-04-02T22:21:23.056+0000] {dag.py:3047} INFO - Sync 1 DAGs
[2024-04-02T22:21:23.062+0000] {logging_mixin.py:188} INFO - [2024-04-02T22:21:23.062+0000] {dag.py:3834} INFO - Setting next_dagrun for example_python_operator to None, run_after=None
[2024-04-02T22:21:23.105+0000] {processor.py:183} INFO - Processing /home/airflow/.local/lib/python3.8/site-packages/airflow/example_dags/example_python_operator.py took 0.122 seconds
[2024-04-02T22:21:53.569+0000] {processor.py:161} INFO - Started process (PID=152) to work on /home/airflow/.local/lib/python3.8/site-packages/airflow/example_dags/example_python_operator.py
[2024-04-02T22:21:53.570+0000] {processor.py:830} INFO - Processing file /home/airflow/.local/lib/python3.8/site-packages/airflow/example_dags/example_python_operator.py for tasks to queue
[2024-04-02T22:21:53.570+0000] {logging_mixin.py:188} INFO - [2024-04-02T22:21:53.570+0000] {dagbag.py:540} INFO - Filling up the DagBag from /home/airflow/.local/lib/python3.8/site-packages/airflow/example_dags/example_python_operator.py
[2024-04-02T22:21:53.576+0000] {processor.py:840} INFO - DAG(s) 'example_python_operator' retrieved from /home/airflow/.local/lib/python3.8/site-packages/airflow/example_dags/example_python_operator.py
[2024-04-02T22:21:53.593+0000] {logging_mixin.py:188} INFO - [2024-04-02T22:21:53.593+0000] {dag.py:3047} INFO - Sync 1 DAGs
[2024-04-02T22:21:53.603+0000] {logging_mixin.py:188} INFO - [2024-04-02T22:21:53.603+0000] {dag.py:3834} INFO - Setting next_dagrun for example_python_operator to None, run_after=None
[2024-04-02T22:21:53.617+0000] {processor.py:183} INFO - Processing /home/airflow/.local/lib/python3.8/site-packages/airflow/example_dags/example_python_operator.py took 0.050 seconds
[2024-04-02T22:22:24.408+0000] {processor.py:161} INFO - Started process (PID=207) to work on /home/airflow/.local/lib/python3.8/site-packages/airflow/example_dags/example_python_operator.py
[2024-04-02T22:22:24.409+0000] {processor.py:830} INFO - Processing file /home/airflow/.local/lib/python3.8/site-packages/airflow/example_dags/example_python_operator.py for tasks to queue
[2024-04-02T22:22:24.410+0000] {logging_mixin.py:188} INFO - [2024-04-02T22:22:24.410+0000] {dagbag.py:540} INFO - Filling up the DagBag from /home/airflow/.local/lib/python3.8/site-packages/airflow/example_dags/example_python_operator.py
[2024-04-02T22:22:24.415+0000] {processor.py:840} INFO - DAG(s) 'example_python_operator' retrieved from /home/airflow/.local/lib/python3.8/site-packages/airflow/example_dags/example_python_operator.py
[2024-04-02T22:22:24.428+0000] {logging_mixin.py:188} INFO - [2024-04-02T22:22:24.428+0000] {dag.py:3047} INFO - Sync 1 DAGs
[2024-04-02T22:22:24.434+0000] {logging_mixin.py:188} INFO - [2024-04-02T22:22:24.434+0000] {dag.py:3834} INFO - Setting next_dagrun for example_python_operator to None, run_after=None
[2024-04-02T22:22:24.447+0000] {processor.py:183} INFO - Processing /home/airflow/.local/lib/python3.8/site-packages/airflow/example_dags/example_python_operator.py took 0.041 seconds
