[2024-04-02T22:20:54.052+0000] {processor.py:161} INFO - Started process (PID=74) to work on /home/airflow/.local/lib/python3.8/site-packages/airflow/example_dags/example_branch_operator.py
[2024-04-02T22:20:54.053+0000] {processor.py:830} INFO - Processing file /home/airflow/.local/lib/python3.8/site-packages/airflow/example_dags/example_branch_operator.py for tasks to queue
[2024-04-02T22:20:54.054+0000] {logging_mixin.py:188} INFO - [2024-04-02T22:20:54.054+0000] {dagbag.py:540} INFO - Filling up the DagBag from /home/airflow/.local/lib/python3.8/site-packages/airflow/example_dags/example_branch_operator.py
[2024-04-02T22:20:54.072+0000] {processor.py:840} INFO - DAG(s) 'example_branch_operator' retrieved from /home/airflow/.local/lib/python3.8/site-packages/airflow/example_dags/example_branch_operator.py
[2024-04-02T22:20:54.083+0000] {logging_mixin.py:188} INFO - [2024-04-02T22:20:54.083+0000] {dag.py:3047} INFO - Sync 1 DAGs
[2024-04-02T22:20:54.099+0000] {logging_mixin.py:188} INFO - [2024-04-02T22:20:54.099+0000] {dag.py:3834} INFO - Setting next_dagrun for example_branch_operator to 2024-04-01 00:00:00+00:00, run_after=2024-04-02 00:00:00+00:00
[2024-04-02T22:20:54.117+0000] {processor.py:183} INFO - Processing /home/airflow/.local/lib/python3.8/site-packages/airflow/example_dags/example_branch_operator.py took 0.068 seconds
[2024-04-02T22:21:25.409+0000] {processor.py:161} INFO - Started process (PID=129) to work on /home/airflow/.local/lib/python3.8/site-packages/airflow/example_dags/example_branch_operator.py
[2024-04-02T22:21:25.409+0000] {processor.py:830} INFO - Processing file /home/airflow/.local/lib/python3.8/site-packages/airflow/example_dags/example_branch_operator.py for tasks to queue
[2024-04-02T22:21:25.410+0000] {logging_mixin.py:188} INFO - [2024-04-02T22:21:25.410+0000] {dagbag.py:540} INFO - Filling up the DagBag from /home/airflow/.local/lib/python3.8/site-packages/airflow/example_dags/example_branch_operator.py
[2024-04-02T22:21:25.422+0000] {processor.py:840} INFO - DAG(s) 'example_branch_operator' retrieved from /home/airflow/.local/lib/python3.8/site-packages/airflow/example_dags/example_branch_operator.py
[2024-04-02T22:21:25.493+0000] {logging_mixin.py:188} INFO - [2024-04-02T22:21:25.493+0000] {dag.py:3047} INFO - Sync 1 DAGs
[2024-04-02T22:21:25.508+0000] {logging_mixin.py:188} INFO - [2024-04-02T22:21:25.508+0000] {dag.py:3834} INFO - Setting next_dagrun for example_branch_operator to 2024-04-01 00:00:00+00:00, run_after=2024-04-02 00:00:00+00:00
[2024-04-02T22:21:25.522+0000] {processor.py:183} INFO - Processing /home/airflow/.local/lib/python3.8/site-packages/airflow/example_dags/example_branch_operator.py took 0.115 seconds
[2024-04-02T22:21:55.642+0000] {processor.py:161} INFO - Started process (PID=184) to work on /home/airflow/.local/lib/python3.8/site-packages/airflow/example_dags/example_branch_operator.py
[2024-04-02T22:21:55.642+0000] {processor.py:830} INFO - Processing file /home/airflow/.local/lib/python3.8/site-packages/airflow/example_dags/example_branch_operator.py for tasks to queue
[2024-04-02T22:21:55.643+0000] {logging_mixin.py:188} INFO - [2024-04-02T22:21:55.643+0000] {dagbag.py:540} INFO - Filling up the DagBag from /home/airflow/.local/lib/python3.8/site-packages/airflow/example_dags/example_branch_operator.py
[2024-04-02T22:21:55.652+0000] {processor.py:840} INFO - DAG(s) 'example_branch_operator' retrieved from /home/airflow/.local/lib/python3.8/site-packages/airflow/example_dags/example_branch_operator.py
[2024-04-02T22:21:55.670+0000] {logging_mixin.py:188} INFO - [2024-04-02T22:21:55.670+0000] {dag.py:3047} INFO - Sync 1 DAGs
[2024-04-02T22:21:55.683+0000] {logging_mixin.py:188} INFO - [2024-04-02T22:21:55.683+0000] {dag.py:3834} INFO - Setting next_dagrun for example_branch_operator to 2024-04-01 00:00:00+00:00, run_after=2024-04-02 00:00:00+00:00
[2024-04-02T22:21:55.696+0000] {processor.py:183} INFO - Processing /home/airflow/.local/lib/python3.8/site-packages/airflow/example_dags/example_branch_operator.py took 0.056 seconds
[2024-04-02T22:22:26.420+0000] {processor.py:161} INFO - Started process (PID=239) to work on /home/airflow/.local/lib/python3.8/site-packages/airflow/example_dags/example_branch_operator.py
[2024-04-02T22:22:26.421+0000] {processor.py:830} INFO - Processing file /home/airflow/.local/lib/python3.8/site-packages/airflow/example_dags/example_branch_operator.py for tasks to queue
[2024-04-02T22:22:26.422+0000] {logging_mixin.py:188} INFO - [2024-04-02T22:22:26.422+0000] {dagbag.py:540} INFO - Filling up the DagBag from /home/airflow/.local/lib/python3.8/site-packages/airflow/example_dags/example_branch_operator.py
[2024-04-02T22:22:26.431+0000] {processor.py:840} INFO - DAG(s) 'example_branch_operator' retrieved from /home/airflow/.local/lib/python3.8/site-packages/airflow/example_dags/example_branch_operator.py
[2024-04-02T22:22:26.447+0000] {logging_mixin.py:188} INFO - [2024-04-02T22:22:26.447+0000] {dag.py:3047} INFO - Sync 1 DAGs
[2024-04-02T22:22:26.459+0000] {logging_mixin.py:188} INFO - [2024-04-02T22:22:26.459+0000] {dag.py:3834} INFO - Setting next_dagrun for example_branch_operator to 2024-04-01 00:00:00+00:00, run_after=2024-04-02 00:00:00+00:00
[2024-04-02T22:22:26.468+0000] {processor.py:183} INFO - Processing /home/airflow/.local/lib/python3.8/site-packages/airflow/example_dags/example_branch_operator.py took 0.049 seconds
