[2024-04-02T22:20:54.044+0000] {processor.py:161} INFO - Started process (PID=73) to work on /home/airflow/.local/lib/python3.8/site-packages/airflow/example_dags/example_sensors.py
[2024-04-02T22:20:54.045+0000] {processor.py:830} INFO - Processing file /home/airflow/.local/lib/python3.8/site-packages/airflow/example_dags/example_sensors.py for tasks to queue
[2024-04-02T22:20:54.046+0000] {logging_mixin.py:188} INFO - [2024-04-02T22:20:54.046+0000] {dagbag.py:540} INFO - Filling up the DagBag from /home/airflow/.local/lib/python3.8/site-packages/airflow/example_dags/example_sensors.py
[2024-04-02T22:20:54.054+0000] {processor.py:840} INFO - DAG(s) 'example_sensors' retrieved from /home/airflow/.local/lib/python3.8/site-packages/airflow/example_dags/example_sensors.py
[2024-04-02T22:20:54.064+0000] {logging_mixin.py:188} INFO - [2024-04-02T22:20:54.063+0000] {dag.py:3047} INFO - Sync 1 DAGs
[2024-04-02T22:20:54.075+0000] {logging_mixin.py:188} INFO - [2024-04-02T22:20:54.074+0000] {dag.py:3834} INFO - Setting next_dagrun for example_sensors to None, run_after=None
[2024-04-02T22:20:54.095+0000] {processor.py:183} INFO - Processing /home/airflow/.local/lib/python3.8/site-packages/airflow/example_dags/example_sensors.py took 0.052 seconds
[2024-04-02T22:21:25.405+0000] {processor.py:161} INFO - Started process (PID=128) to work on /home/airflow/.local/lib/python3.8/site-packages/airflow/example_dags/example_sensors.py
[2024-04-02T22:21:25.405+0000] {processor.py:830} INFO - Processing file /home/airflow/.local/lib/python3.8/site-packages/airflow/example_dags/example_sensors.py for tasks to queue
[2024-04-02T22:21:25.406+0000] {logging_mixin.py:188} INFO - [2024-04-02T22:21:25.406+0000] {dagbag.py:540} INFO - Filling up the DagBag from /home/airflow/.local/lib/python3.8/site-packages/airflow/example_dags/example_sensors.py
[2024-04-02T22:21:25.411+0000] {processor.py:840} INFO - DAG(s) 'example_sensors' retrieved from /home/airflow/.local/lib/python3.8/site-packages/airflow/example_dags/example_sensors.py
[2024-04-02T22:21:25.490+0000] {logging_mixin.py:188} INFO - [2024-04-02T22:21:25.489+0000] {dag.py:3047} INFO - Sync 1 DAGs
[2024-04-02T22:21:25.502+0000] {logging_mixin.py:188} INFO - [2024-04-02T22:21:25.502+0000] {dag.py:3834} INFO - Setting next_dagrun for example_sensors to None, run_after=None
[2024-04-02T22:21:25.521+0000] {processor.py:183} INFO - Processing /home/airflow/.local/lib/python3.8/site-packages/airflow/example_dags/example_sensors.py took 0.118 seconds
[2024-04-02T22:21:55.607+0000] {processor.py:161} INFO - Started process (PID=183) to work on /home/airflow/.local/lib/python3.8/site-packages/airflow/example_dags/example_sensors.py
[2024-04-02T22:21:55.608+0000] {processor.py:830} INFO - Processing file /home/airflow/.local/lib/python3.8/site-packages/airflow/example_dags/example_sensors.py for tasks to queue
[2024-04-02T22:21:55.609+0000] {logging_mixin.py:188} INFO - [2024-04-02T22:21:55.609+0000] {dagbag.py:540} INFO - Filling up the DagBag from /home/airflow/.local/lib/python3.8/site-packages/airflow/example_dags/example_sensors.py
[2024-04-02T22:21:55.615+0000] {processor.py:840} INFO - DAG(s) 'example_sensors' retrieved from /home/airflow/.local/lib/python3.8/site-packages/airflow/example_dags/example_sensors.py
[2024-04-02T22:21:55.635+0000] {logging_mixin.py:188} INFO - [2024-04-02T22:21:55.635+0000] {dag.py:3047} INFO - Sync 1 DAGs
[2024-04-02T22:21:55.645+0000] {logging_mixin.py:188} INFO - [2024-04-02T22:21:55.645+0000] {dag.py:3834} INFO - Setting next_dagrun for example_sensors to None, run_after=None
[2024-04-02T22:21:55.659+0000] {processor.py:183} INFO - Processing /home/airflow/.local/lib/python3.8/site-packages/airflow/example_dags/example_sensors.py took 0.053 seconds
[2024-04-02T22:22:26.381+0000] {processor.py:161} INFO - Started process (PID=238) to work on /home/airflow/.local/lib/python3.8/site-packages/airflow/example_dags/example_sensors.py
[2024-04-02T22:22:26.382+0000] {processor.py:830} INFO - Processing file /home/airflow/.local/lib/python3.8/site-packages/airflow/example_dags/example_sensors.py for tasks to queue
[2024-04-02T22:22:26.383+0000] {logging_mixin.py:188} INFO - [2024-04-02T22:22:26.382+0000] {dagbag.py:540} INFO - Filling up the DagBag from /home/airflow/.local/lib/python3.8/site-packages/airflow/example_dags/example_sensors.py
[2024-04-02T22:22:26.387+0000] {processor.py:840} INFO - DAG(s) 'example_sensors' retrieved from /home/airflow/.local/lib/python3.8/site-packages/airflow/example_dags/example_sensors.py
[2024-04-02T22:22:26.404+0000] {logging_mixin.py:188} INFO - [2024-04-02T22:22:26.404+0000] {dag.py:3047} INFO - Sync 1 DAGs
[2024-04-02T22:22:26.412+0000] {logging_mixin.py:188} INFO - [2024-04-02T22:22:26.412+0000] {dag.py:3834} INFO - Setting next_dagrun for example_sensors to None, run_after=None
[2024-04-02T22:22:26.425+0000] {processor.py:183} INFO - Processing /home/airflow/.local/lib/python3.8/site-packages/airflow/example_dags/example_sensors.py took 0.045 seconds
