[2024-04-02T22:20:52.765+0000] {processor.py:161} INFO - Started process (PID=47) to work on /home/airflow/.local/lib/python3.8/site-packages/airflow/example_dags/example_external_task_marker_dag.py
[2024-04-02T22:20:52.765+0000] {processor.py:830} INFO - Processing file /home/airflow/.local/lib/python3.8/site-packages/airflow/example_dags/example_external_task_marker_dag.py for tasks to queue
[2024-04-02T22:20:52.767+0000] {logging_mixin.py:188} INFO - [2024-04-02T22:20:52.767+0000] {dagbag.py:540} INFO - Filling up the DagBag from /home/airflow/.local/lib/python3.8/site-packages/airflow/example_dags/example_external_task_marker_dag.py
[2024-04-02T22:20:52.775+0000] {processor.py:840} INFO - DAG(s) 'example_external_task_marker_child', 'example_external_task_marker_parent' retrieved from /home/airflow/.local/lib/python3.8/site-packages/airflow/example_dags/example_external_task_marker_dag.py
[2024-04-02T22:20:52.789+0000] {logging_mixin.py:188} INFO - [2024-04-02T22:20:52.789+0000] {dag.py:3047} INFO - Sync 2 DAGs
[2024-04-02T22:20:52.801+0000] {logging_mixin.py:188} INFO - [2024-04-02T22:20:52.801+0000] {dag.py:3834} INFO - Setting next_dagrun for example_external_task_marker_child to None, run_after=None
[2024-04-02T22:20:52.805+0000] {logging_mixin.py:188} INFO - [2024-04-02T22:20:52.805+0000] {dag.py:3834} INFO - Setting next_dagrun for example_external_task_marker_parent to None, run_after=None
[2024-04-02T22:20:52.826+0000] {processor.py:183} INFO - Processing /home/airflow/.local/lib/python3.8/site-packages/airflow/example_dags/example_external_task_marker_dag.py took 0.064 seconds
[2024-04-02T22:21:23.350+0000] {processor.py:161} INFO - Started process (PID=102) to work on /home/airflow/.local/lib/python3.8/site-packages/airflow/example_dags/example_external_task_marker_dag.py
[2024-04-02T22:21:23.350+0000] {processor.py:830} INFO - Processing file /home/airflow/.local/lib/python3.8/site-packages/airflow/example_dags/example_external_task_marker_dag.py for tasks to queue
[2024-04-02T22:21:23.351+0000] {logging_mixin.py:188} INFO - [2024-04-02T22:21:23.351+0000] {dagbag.py:540} INFO - Filling up the DagBag from /home/airflow/.local/lib/python3.8/site-packages/airflow/example_dags/example_external_task_marker_dag.py
[2024-04-02T22:21:23.354+0000] {processor.py:840} INFO - DAG(s) 'example_external_task_marker_child', 'example_external_task_marker_parent' retrieved from /home/airflow/.local/lib/python3.8/site-packages/airflow/example_dags/example_external_task_marker_dag.py
[2024-04-02T22:21:23.431+0000] {logging_mixin.py:188} INFO - [2024-04-02T22:21:23.430+0000] {dag.py:3047} INFO - Sync 2 DAGs
[2024-04-02T22:21:23.438+0000] {logging_mixin.py:188} INFO - [2024-04-02T22:21:23.438+0000] {dag.py:3834} INFO - Setting next_dagrun for example_external_task_marker_child to None, run_after=None
[2024-04-02T22:21:23.440+0000] {logging_mixin.py:188} INFO - [2024-04-02T22:21:23.440+0000] {dag.py:3834} INFO - Setting next_dagrun for example_external_task_marker_parent to None, run_after=None
[2024-04-02T22:21:23.471+0000] {processor.py:183} INFO - Processing /home/airflow/.local/lib/python3.8/site-packages/airflow/example_dags/example_external_task_marker_dag.py took 0.123 seconds
[2024-04-02T22:21:53.747+0000] {processor.py:161} INFO - Started process (PID=157) to work on /home/airflow/.local/lib/python3.8/site-packages/airflow/example_dags/example_external_task_marker_dag.py
[2024-04-02T22:21:53.748+0000] {processor.py:830} INFO - Processing file /home/airflow/.local/lib/python3.8/site-packages/airflow/example_dags/example_external_task_marker_dag.py for tasks to queue
[2024-04-02T22:21:53.749+0000] {logging_mixin.py:188} INFO - [2024-04-02T22:21:53.749+0000] {dagbag.py:540} INFO - Filling up the DagBag from /home/airflow/.local/lib/python3.8/site-packages/airflow/example_dags/example_external_task_marker_dag.py
[2024-04-02T22:21:53.752+0000] {processor.py:840} INFO - DAG(s) 'example_external_task_marker_parent', 'example_external_task_marker_child' retrieved from /home/airflow/.local/lib/python3.8/site-packages/airflow/example_dags/example_external_task_marker_dag.py
[2024-04-02T22:21:53.767+0000] {logging_mixin.py:188} INFO - [2024-04-02T22:21:53.767+0000] {dag.py:3047} INFO - Sync 2 DAGs
[2024-04-02T22:21:53.774+0000] {logging_mixin.py:188} INFO - [2024-04-02T22:21:53.774+0000] {dag.py:3834} INFO - Setting next_dagrun for example_external_task_marker_child to None, run_after=None
[2024-04-02T22:21:53.777+0000] {logging_mixin.py:188} INFO - [2024-04-02T22:21:53.777+0000] {dag.py:3834} INFO - Setting next_dagrun for example_external_task_marker_parent to None, run_after=None
[2024-04-02T22:21:53.790+0000] {processor.py:183} INFO - Processing /home/airflow/.local/lib/python3.8/site-packages/airflow/example_dags/example_external_task_marker_dag.py took 0.044 seconds
[2024-04-02T22:22:24.541+0000] {processor.py:161} INFO - Started process (PID=212) to work on /home/airflow/.local/lib/python3.8/site-packages/airflow/example_dags/example_external_task_marker_dag.py
[2024-04-02T22:22:24.541+0000] {processor.py:830} INFO - Processing file /home/airflow/.local/lib/python3.8/site-packages/airflow/example_dags/example_external_task_marker_dag.py for tasks to queue
[2024-04-02T22:22:24.542+0000] {logging_mixin.py:188} INFO - [2024-04-02T22:22:24.542+0000] {dagbag.py:540} INFO - Filling up the DagBag from /home/airflow/.local/lib/python3.8/site-packages/airflow/example_dags/example_external_task_marker_dag.py
[2024-04-02T22:22:24.545+0000] {processor.py:840} INFO - DAG(s) 'example_external_task_marker_child', 'example_external_task_marker_parent' retrieved from /home/airflow/.local/lib/python3.8/site-packages/airflow/example_dags/example_external_task_marker_dag.py
[2024-04-02T22:22:24.558+0000] {logging_mixin.py:188} INFO - [2024-04-02T22:22:24.558+0000] {dag.py:3047} INFO - Sync 2 DAGs
[2024-04-02T22:22:24.564+0000] {logging_mixin.py:188} INFO - [2024-04-02T22:22:24.564+0000] {dag.py:3834} INFO - Setting next_dagrun for example_external_task_marker_child to None, run_after=None
[2024-04-02T22:22:24.566+0000] {logging_mixin.py:188} INFO - [2024-04-02T22:22:24.566+0000] {dag.py:3834} INFO - Setting next_dagrun for example_external_task_marker_parent to None, run_after=None
[2024-04-02T22:22:24.575+0000] {processor.py:183} INFO - Processing /home/airflow/.local/lib/python3.8/site-packages/airflow/example_dags/example_external_task_marker_dag.py took 0.037 seconds
