[2024-04-02T22:20:53.395+0000] {processor.py:161} INFO - Started process (PID=58) to work on /home/airflow/.local/lib/python3.8/site-packages/airflow/example_dags/example_xcomargs.py
[2024-04-02T22:20:53.395+0000] {processor.py:830} INFO - Processing file /home/airflow/.local/lib/python3.8/site-packages/airflow/example_dags/example_xcomargs.py for tasks to queue
[2024-04-02T22:20:53.396+0000] {logging_mixin.py:188} INFO - [2024-04-02T22:20:53.396+0000] {dagbag.py:540} INFO - Filling up the DagBag from /home/airflow/.local/lib/python3.8/site-packages/airflow/example_dags/example_xcomargs.py
[2024-04-02T22:20:53.403+0000] {processor.py:840} INFO - DAG(s) 'example_xcom_args_with_operators', 'example_xcom_args' retrieved from /home/airflow/.local/lib/python3.8/site-packages/airflow/example_dags/example_xcomargs.py
[2024-04-02T22:20:53.411+0000] {logging_mixin.py:188} INFO - [2024-04-02T22:20:53.411+0000] {dag.py:3047} INFO - Sync 2 DAGs
[2024-04-02T22:20:53.419+0000] {logging_mixin.py:188} INFO - [2024-04-02T22:20:53.418+0000] {dag.py:3834} INFO - Setting next_dagrun for example_xcom_args to None, run_after=None
[2024-04-02T22:20:53.421+0000] {logging_mixin.py:188} INFO - [2024-04-02T22:20:53.421+0000] {dag.py:3834} INFO - Setting next_dagrun for example_xcom_args_with_operators to None, run_after=None
[2024-04-02T22:20:53.433+0000] {processor.py:183} INFO - Processing /home/airflow/.local/lib/python3.8/site-packages/airflow/example_dags/example_xcomargs.py took 0.040 seconds
[2024-04-02T22:21:24.242+0000] {processor.py:161} INFO - Started process (PID=113) to work on /home/airflow/.local/lib/python3.8/site-packages/airflow/example_dags/example_xcomargs.py
[2024-04-02T22:21:24.243+0000] {processor.py:830} INFO - Processing file /home/airflow/.local/lib/python3.8/site-packages/airflow/example_dags/example_xcomargs.py for tasks to queue
[2024-04-02T22:21:24.244+0000] {logging_mixin.py:188} INFO - [2024-04-02T22:21:24.243+0000] {dagbag.py:540} INFO - Filling up the DagBag from /home/airflow/.local/lib/python3.8/site-packages/airflow/example_dags/example_xcomargs.py
[2024-04-02T22:21:24.249+0000] {processor.py:840} INFO - DAG(s) 'example_xcom_args', 'example_xcom_args_with_operators' retrieved from /home/airflow/.local/lib/python3.8/site-packages/airflow/example_dags/example_xcomargs.py
[2024-04-02T22:21:24.317+0000] {logging_mixin.py:188} INFO - [2024-04-02T22:21:24.317+0000] {dag.py:3047} INFO - Sync 2 DAGs
[2024-04-02T22:21:24.323+0000] {logging_mixin.py:188} INFO - [2024-04-02T22:21:24.323+0000] {dag.py:3834} INFO - Setting next_dagrun for example_xcom_args to None, run_after=None
[2024-04-02T22:21:24.324+0000] {logging_mixin.py:188} INFO - [2024-04-02T22:21:24.324+0000] {dag.py:3834} INFO - Setting next_dagrun for example_xcom_args_with_operators to None, run_after=None
[2024-04-02T22:21:24.333+0000] {processor.py:183} INFO - Processing /home/airflow/.local/lib/python3.8/site-packages/airflow/example_dags/example_xcomargs.py took 0.093 seconds
[2024-04-02T22:21:55.148+0000] {processor.py:161} INFO - Started process (PID=168) to work on /home/airflow/.local/lib/python3.8/site-packages/airflow/example_dags/example_xcomargs.py
[2024-04-02T22:21:55.148+0000] {processor.py:830} INFO - Processing file /home/airflow/.local/lib/python3.8/site-packages/airflow/example_dags/example_xcomargs.py for tasks to queue
[2024-04-02T22:21:55.149+0000] {logging_mixin.py:188} INFO - [2024-04-02T22:21:55.149+0000] {dagbag.py:540} INFO - Filling up the DagBag from /home/airflow/.local/lib/python3.8/site-packages/airflow/example_dags/example_xcomargs.py
[2024-04-02T22:21:55.153+0000] {processor.py:840} INFO - DAG(s) 'example_xcom_args_with_operators', 'example_xcom_args' retrieved from /home/airflow/.local/lib/python3.8/site-packages/airflow/example_dags/example_xcomargs.py
[2024-04-02T22:21:55.167+0000] {logging_mixin.py:188} INFO - [2024-04-02T22:21:55.166+0000] {dag.py:3047} INFO - Sync 2 DAGs
[2024-04-02T22:21:55.174+0000] {logging_mixin.py:188} INFO - [2024-04-02T22:21:55.173+0000] {dag.py:3834} INFO - Setting next_dagrun for example_xcom_args to None, run_after=None
[2024-04-02T22:21:55.176+0000] {logging_mixin.py:188} INFO - [2024-04-02T22:21:55.176+0000] {dag.py:3834} INFO - Setting next_dagrun for example_xcom_args_with_operators to None, run_after=None
[2024-04-02T22:21:55.185+0000] {processor.py:183} INFO - Processing /home/airflow/.local/lib/python3.8/site-packages/airflow/example_dags/example_xcomargs.py took 0.039 seconds
[2024-04-02T22:22:25.935+0000] {processor.py:161} INFO - Started process (PID=223) to work on /home/airflow/.local/lib/python3.8/site-packages/airflow/example_dags/example_xcomargs.py
[2024-04-02T22:22:25.935+0000] {processor.py:830} INFO - Processing file /home/airflow/.local/lib/python3.8/site-packages/airflow/example_dags/example_xcomargs.py for tasks to queue
[2024-04-02T22:22:25.936+0000] {logging_mixin.py:188} INFO - [2024-04-02T22:22:25.936+0000] {dagbag.py:540} INFO - Filling up the DagBag from /home/airflow/.local/lib/python3.8/site-packages/airflow/example_dags/example_xcomargs.py
[2024-04-02T22:22:25.940+0000] {processor.py:840} INFO - DAG(s) 'example_xcom_args', 'example_xcom_args_with_operators' retrieved from /home/airflow/.local/lib/python3.8/site-packages/airflow/example_dags/example_xcomargs.py
[2024-04-02T22:22:25.954+0000] {logging_mixin.py:188} INFO - [2024-04-02T22:22:25.953+0000] {dag.py:3047} INFO - Sync 2 DAGs
[2024-04-02T22:22:25.960+0000] {logging_mixin.py:188} INFO - [2024-04-02T22:22:25.960+0000] {dag.py:3834} INFO - Setting next_dagrun for example_xcom_args to None, run_after=None
[2024-04-02T22:22:25.962+0000] {logging_mixin.py:188} INFO - [2024-04-02T22:22:25.962+0000] {dag.py:3834} INFO - Setting next_dagrun for example_xcom_args_with_operators to None, run_after=None
[2024-04-02T22:22:25.971+0000] {processor.py:183} INFO - Processing /home/airflow/.local/lib/python3.8/site-packages/airflow/example_dags/example_xcomargs.py took 0.038 seconds
