[2024-04-02T22:20:54.250+0000] {processor.py:161} INFO - Started process (PID=79) to work on /home/airflow/.local/lib/python3.8/site-packages/airflow/example_dags/example_sensor_decorator.py
[2024-04-02T22:20:54.250+0000] {processor.py:830} INFO - Processing file /home/airflow/.local/lib/python3.8/site-packages/airflow/example_dags/example_sensor_decorator.py for tasks to queue
[2024-04-02T22:20:54.251+0000] {logging_mixin.py:188} INFO - [2024-04-02T22:20:54.251+0000] {dagbag.py:540} INFO - Filling up the DagBag from /home/airflow/.local/lib/python3.8/site-packages/airflow/example_dags/example_sensor_decorator.py
[2024-04-02T22:20:54.256+0000] {processor.py:840} INFO - DAG(s) 'example_sensor_decorator' retrieved from /home/airflow/.local/lib/python3.8/site-packages/airflow/example_dags/example_sensor_decorator.py
[2024-04-02T22:20:54.265+0000] {logging_mixin.py:188} INFO - [2024-04-02T22:20:54.265+0000] {dag.py:3047} INFO - Sync 1 DAGs
[2024-04-02T22:20:54.277+0000] {logging_mixin.py:188} INFO - [2024-04-02T22:20:54.276+0000] {dag.py:3834} INFO - Setting next_dagrun for example_sensor_decorator to None, run_after=None
[2024-04-02T22:20:54.293+0000] {processor.py:183} INFO - Processing /home/airflow/.local/lib/python3.8/site-packages/airflow/example_dags/example_sensor_decorator.py took 0.044 seconds
[2024-04-02T22:21:25.858+0000] {processor.py:161} INFO - Started process (PID=134) to work on /home/airflow/.local/lib/python3.8/site-packages/airflow/example_dags/example_sensor_decorator.py
[2024-04-02T22:21:25.858+0000] {processor.py:830} INFO - Processing file /home/airflow/.local/lib/python3.8/site-packages/airflow/example_dags/example_sensor_decorator.py for tasks to queue
[2024-04-02T22:21:25.859+0000] {logging_mixin.py:188} INFO - [2024-04-02T22:21:25.859+0000] {dagbag.py:540} INFO - Filling up the DagBag from /home/airflow/.local/lib/python3.8/site-packages/airflow/example_dags/example_sensor_decorator.py
[2024-04-02T22:21:25.863+0000] {processor.py:840} INFO - DAG(s) 'example_sensor_decorator' retrieved from /home/airflow/.local/lib/python3.8/site-packages/airflow/example_dags/example_sensor_decorator.py
[2024-04-02T22:21:25.929+0000] {logging_mixin.py:188} INFO - [2024-04-02T22:21:25.929+0000] {dag.py:3047} INFO - Sync 1 DAGs
[2024-04-02T22:21:25.935+0000] {logging_mixin.py:188} INFO - [2024-04-02T22:21:25.935+0000] {dag.py:3834} INFO - Setting next_dagrun for example_sensor_decorator to None, run_after=None
[2024-04-02T22:21:25.961+0000] {processor.py:183} INFO - Processing /home/airflow/.local/lib/python3.8/site-packages/airflow/example_dags/example_sensor_decorator.py took 0.106 seconds
[2024-04-02T22:21:56.843+0000] {processor.py:161} INFO - Started process (PID=189) to work on /home/airflow/.local/lib/python3.8/site-packages/airflow/example_dags/example_sensor_decorator.py
[2024-04-02T22:21:56.843+0000] {processor.py:830} INFO - Processing file /home/airflow/.local/lib/python3.8/site-packages/airflow/example_dags/example_sensor_decorator.py for tasks to queue
[2024-04-02T22:21:56.844+0000] {logging_mixin.py:188} INFO - [2024-04-02T22:21:56.844+0000] {dagbag.py:540} INFO - Filling up the DagBag from /home/airflow/.local/lib/python3.8/site-packages/airflow/example_dags/example_sensor_decorator.py
[2024-04-02T22:21:56.848+0000] {processor.py:840} INFO - DAG(s) 'example_sensor_decorator' retrieved from /home/airflow/.local/lib/python3.8/site-packages/airflow/example_dags/example_sensor_decorator.py
[2024-04-02T22:21:56.863+0000] {logging_mixin.py:188} INFO - [2024-04-02T22:21:56.863+0000] {dag.py:3047} INFO - Sync 1 DAGs
[2024-04-02T22:21:56.870+0000] {logging_mixin.py:188} INFO - [2024-04-02T22:21:56.870+0000] {dag.py:3834} INFO - Setting next_dagrun for example_sensor_decorator to None, run_after=None
[2024-04-02T22:21:56.882+0000] {processor.py:183} INFO - Processing /home/airflow/.local/lib/python3.8/site-packages/airflow/example_dags/example_sensor_decorator.py took 0.041 seconds
[2024-04-02T22:22:27.620+0000] {processor.py:161} INFO - Started process (PID=244) to work on /home/airflow/.local/lib/python3.8/site-packages/airflow/example_dags/example_sensor_decorator.py
[2024-04-02T22:22:27.621+0000] {processor.py:830} INFO - Processing file /home/airflow/.local/lib/python3.8/site-packages/airflow/example_dags/example_sensor_decorator.py for tasks to queue
[2024-04-02T22:22:27.622+0000] {logging_mixin.py:188} INFO - [2024-04-02T22:22:27.622+0000] {dagbag.py:540} INFO - Filling up the DagBag from /home/airflow/.local/lib/python3.8/site-packages/airflow/example_dags/example_sensor_decorator.py
[2024-04-02T22:22:27.626+0000] {processor.py:840} INFO - DAG(s) 'example_sensor_decorator' retrieved from /home/airflow/.local/lib/python3.8/site-packages/airflow/example_dags/example_sensor_decorator.py
[2024-04-02T22:22:27.642+0000] {logging_mixin.py:188} INFO - [2024-04-02T22:22:27.642+0000] {dag.py:3047} INFO - Sync 1 DAGs
[2024-04-02T22:22:27.653+0000] {logging_mixin.py:188} INFO - [2024-04-02T22:22:27.652+0000] {dag.py:3834} INFO - Setting next_dagrun for example_sensor_decorator to None, run_after=None
[2024-04-02T22:22:27.669+0000] {processor.py:183} INFO - Processing /home/airflow/.local/lib/python3.8/site-packages/airflow/example_dags/example_sensor_decorator.py took 0.051 seconds
