[2024-04-02T22:20:53.158+0000] {processor.py:161} INFO - Started process (PID=55) to work on /home/airflow/.local/lib/python3.8/site-packages/airflow/example_dags/example_dag_decorator.py
[2024-04-02T22:20:53.159+0000] {processor.py:830} INFO - Processing file /home/airflow/.local/lib/python3.8/site-packages/airflow/example_dags/example_dag_decorator.py for tasks to queue
[2024-04-02T22:20:53.160+0000] {logging_mixin.py:188} INFO - [2024-04-02T22:20:53.160+0000] {dagbag.py:540} INFO - Filling up the DagBag from /home/airflow/.local/lib/python3.8/site-packages/airflow/example_dags/example_dag_decorator.py
[2024-04-02T22:20:53.290+0000] {processor.py:840} INFO - DAG(s) 'example_dag_decorator' retrieved from /home/airflow/.local/lib/python3.8/site-packages/airflow/example_dags/example_dag_decorator.py
[2024-04-02T22:20:53.299+0000] {logging_mixin.py:188} INFO - [2024-04-02T22:20:53.298+0000] {dag.py:3047} INFO - Sync 1 DAGs
[2024-04-02T22:20:53.310+0000] {logging_mixin.py:188} INFO - [2024-04-02T22:20:53.309+0000] {dag.py:3834} INFO - Setting next_dagrun for example_dag_decorator to None, run_after=None
[2024-04-02T22:20:53.327+0000] {processor.py:183} INFO - Processing /home/airflow/.local/lib/python3.8/site-packages/airflow/example_dags/example_dag_decorator.py took 0.171 seconds
[2024-04-02T22:21:24.061+0000] {processor.py:161} INFO - Started process (PID=110) to work on /home/airflow/.local/lib/python3.8/site-packages/airflow/example_dags/example_dag_decorator.py
[2024-04-02T22:21:24.062+0000] {processor.py:830} INFO - Processing file /home/airflow/.local/lib/python3.8/site-packages/airflow/example_dags/example_dag_decorator.py for tasks to queue
[2024-04-02T22:21:24.063+0000] {logging_mixin.py:188} INFO - [2024-04-02T22:21:24.063+0000] {dagbag.py:540} INFO - Filling up the DagBag from /home/airflow/.local/lib/python3.8/site-packages/airflow/example_dags/example_dag_decorator.py
[2024-04-02T22:21:24.118+0000] {processor.py:840} INFO - DAG(s) 'example_dag_decorator' retrieved from /home/airflow/.local/lib/python3.8/site-packages/airflow/example_dags/example_dag_decorator.py
[2024-04-02T22:21:24.193+0000] {logging_mixin.py:188} INFO - [2024-04-02T22:21:24.193+0000] {dag.py:3047} INFO - Sync 1 DAGs
[2024-04-02T22:21:24.201+0000] {logging_mixin.py:188} INFO - [2024-04-02T22:21:24.201+0000] {dag.py:3834} INFO - Setting next_dagrun for example_dag_decorator to None, run_after=None
[2024-04-02T22:21:24.216+0000] {processor.py:183} INFO - Processing /home/airflow/.local/lib/python3.8/site-packages/airflow/example_dags/example_dag_decorator.py took 0.157 seconds
[2024-04-02T22:21:54.996+0000] {processor.py:161} INFO - Started process (PID=165) to work on /home/airflow/.local/lib/python3.8/site-packages/airflow/example_dags/example_dag_decorator.py
[2024-04-02T22:21:54.997+0000] {processor.py:830} INFO - Processing file /home/airflow/.local/lib/python3.8/site-packages/airflow/example_dags/example_dag_decorator.py for tasks to queue
[2024-04-02T22:21:54.998+0000] {logging_mixin.py:188} INFO - [2024-04-02T22:21:54.997+0000] {dagbag.py:540} INFO - Filling up the DagBag from /home/airflow/.local/lib/python3.8/site-packages/airflow/example_dags/example_dag_decorator.py
[2024-04-02T22:21:55.042+0000] {processor.py:840} INFO - DAG(s) 'example_dag_decorator' retrieved from /home/airflow/.local/lib/python3.8/site-packages/airflow/example_dags/example_dag_decorator.py
[2024-04-02T22:21:55.103+0000] {logging_mixin.py:188} INFO - [2024-04-02T22:21:55.103+0000] {dag.py:3047} INFO - Sync 1 DAGs
[2024-04-02T22:21:55.110+0000] {logging_mixin.py:188} INFO - [2024-04-02T22:21:55.109+0000] {dag.py:3834} INFO - Setting next_dagrun for example_dag_decorator to None, run_after=None
[2024-04-02T22:21:55.123+0000] {processor.py:183} INFO - Processing /home/airflow/.local/lib/python3.8/site-packages/airflow/example_dags/example_dag_decorator.py took 0.129 seconds
[2024-04-02T22:22:25.773+0000] {processor.py:161} INFO - Started process (PID=220) to work on /home/airflow/.local/lib/python3.8/site-packages/airflow/example_dags/example_dag_decorator.py
[2024-04-02T22:22:25.774+0000] {processor.py:830} INFO - Processing file /home/airflow/.local/lib/python3.8/site-packages/airflow/example_dags/example_dag_decorator.py for tasks to queue
[2024-04-02T22:22:25.775+0000] {logging_mixin.py:188} INFO - [2024-04-02T22:22:25.775+0000] {dagbag.py:540} INFO - Filling up the DagBag from /home/airflow/.local/lib/python3.8/site-packages/airflow/example_dags/example_dag_decorator.py
[2024-04-02T22:22:25.820+0000] {processor.py:840} INFO - DAG(s) 'example_dag_decorator' retrieved from /home/airflow/.local/lib/python3.8/site-packages/airflow/example_dags/example_dag_decorator.py
[2024-04-02T22:22:25.885+0000] {logging_mixin.py:188} INFO - [2024-04-02T22:22:25.885+0000] {dag.py:3047} INFO - Sync 1 DAGs
[2024-04-02T22:22:25.892+0000] {logging_mixin.py:188} INFO - [2024-04-02T22:22:25.892+0000] {dag.py:3834} INFO - Setting next_dagrun for example_dag_decorator to None, run_after=None
[2024-04-02T22:22:25.902+0000] {processor.py:183} INFO - Processing /home/airflow/.local/lib/python3.8/site-packages/airflow/example_dags/example_dag_decorator.py took 0.131 seconds
