[2024-04-02T22:20:53.908+0000] {processor.py:161} INFO - Started process (PID=71) to work on /home/airflow/.local/lib/python3.8/site-packages/airflow/example_dags/example_complex.py
[2024-04-02T22:20:53.908+0000] {processor.py:830} INFO - Processing file /home/airflow/.local/lib/python3.8/site-packages/airflow/example_dags/example_complex.py for tasks to queue
[2024-04-02T22:20:53.910+0000] {logging_mixin.py:188} INFO - [2024-04-02T22:20:53.910+0000] {dagbag.py:540} INFO - Filling up the DagBag from /home/airflow/.local/lib/python3.8/site-packages/airflow/example_dags/example_complex.py
[2024-04-02T22:20:53.925+0000] {processor.py:840} INFO - DAG(s) 'example_complex' retrieved from /home/airflow/.local/lib/python3.8/site-packages/airflow/example_dags/example_complex.py
[2024-04-02T22:20:53.935+0000] {logging_mixin.py:188} INFO - [2024-04-02T22:20:53.935+0000] {dag.py:3047} INFO - Sync 1 DAGs
[2024-04-02T22:20:53.947+0000] {logging_mixin.py:188} INFO - [2024-04-02T22:20:53.947+0000] {dag.py:3834} INFO - Setting next_dagrun for example_complex to None, run_after=None
[2024-04-02T22:20:53.971+0000] {processor.py:183} INFO - Processing /home/airflow/.local/lib/python3.8/site-packages/airflow/example_dags/example_complex.py took 0.065 seconds
[2024-04-02T22:21:25.189+0000] {processor.py:161} INFO - Started process (PID=126) to work on /home/airflow/.local/lib/python3.8/site-packages/airflow/example_dags/example_complex.py
[2024-04-02T22:21:25.190+0000] {processor.py:830} INFO - Processing file /home/airflow/.local/lib/python3.8/site-packages/airflow/example_dags/example_complex.py for tasks to queue
[2024-04-02T22:21:25.190+0000] {logging_mixin.py:188} INFO - [2024-04-02T22:21:25.190+0000] {dagbag.py:540} INFO - Filling up the DagBag from /home/airflow/.local/lib/python3.8/site-packages/airflow/example_dags/example_complex.py
[2024-04-02T22:21:25.196+0000] {processor.py:840} INFO - DAG(s) 'example_complex' retrieved from /home/airflow/.local/lib/python3.8/site-packages/airflow/example_dags/example_complex.py
[2024-04-02T22:21:25.255+0000] {logging_mixin.py:188} INFO - [2024-04-02T22:21:25.255+0000] {dag.py:3047} INFO - Sync 1 DAGs
[2024-04-02T22:21:25.261+0000] {logging_mixin.py:188} INFO - [2024-04-02T22:21:25.261+0000] {dag.py:3834} INFO - Setting next_dagrun for example_complex to None, run_after=None
[2024-04-02T22:21:25.283+0000] {processor.py:183} INFO - Processing /home/airflow/.local/lib/python3.8/site-packages/airflow/example_dags/example_complex.py took 0.095 seconds
[2024-04-02T22:21:55.553+0000] {processor.py:161} INFO - Started process (PID=181) to work on /home/airflow/.local/lib/python3.8/site-packages/airflow/example_dags/example_complex.py
[2024-04-02T22:21:55.553+0000] {processor.py:830} INFO - Processing file /home/airflow/.local/lib/python3.8/site-packages/airflow/example_dags/example_complex.py for tasks to queue
[2024-04-02T22:21:55.554+0000] {logging_mixin.py:188} INFO - [2024-04-02T22:21:55.554+0000] {dagbag.py:540} INFO - Filling up the DagBag from /home/airflow/.local/lib/python3.8/site-packages/airflow/example_dags/example_complex.py
[2024-04-02T22:21:55.559+0000] {processor.py:840} INFO - DAG(s) 'example_complex' retrieved from /home/airflow/.local/lib/python3.8/site-packages/airflow/example_dags/example_complex.py
[2024-04-02T22:21:55.576+0000] {logging_mixin.py:188} INFO - [2024-04-02T22:21:55.576+0000] {dag.py:3047} INFO - Sync 1 DAGs
[2024-04-02T22:21:55.583+0000] {logging_mixin.py:188} INFO - [2024-04-02T22:21:55.583+0000] {dag.py:3834} INFO - Setting next_dagrun for example_complex to None, run_after=None
[2024-04-02T22:21:55.593+0000] {processor.py:183} INFO - Processing /home/airflow/.local/lib/python3.8/site-packages/airflow/example_dags/example_complex.py took 0.042 seconds
[2024-04-02T22:22:26.328+0000] {processor.py:161} INFO - Started process (PID=236) to work on /home/airflow/.local/lib/python3.8/site-packages/airflow/example_dags/example_complex.py
[2024-04-02T22:22:26.329+0000] {processor.py:830} INFO - Processing file /home/airflow/.local/lib/python3.8/site-packages/airflow/example_dags/example_complex.py for tasks to queue
[2024-04-02T22:22:26.330+0000] {logging_mixin.py:188} INFO - [2024-04-02T22:22:26.329+0000] {dagbag.py:540} INFO - Filling up the DagBag from /home/airflow/.local/lib/python3.8/site-packages/airflow/example_dags/example_complex.py
[2024-04-02T22:22:26.335+0000] {processor.py:840} INFO - DAG(s) 'example_complex' retrieved from /home/airflow/.local/lib/python3.8/site-packages/airflow/example_dags/example_complex.py
[2024-04-02T22:22:26.352+0000] {logging_mixin.py:188} INFO - [2024-04-02T22:22:26.351+0000] {dag.py:3047} INFO - Sync 1 DAGs
[2024-04-02T22:22:26.359+0000] {logging_mixin.py:188} INFO - [2024-04-02T22:22:26.358+0000] {dag.py:3834} INFO - Setting next_dagrun for example_complex to None, run_after=None
[2024-04-02T22:22:26.369+0000] {processor.py:183} INFO - Processing /home/airflow/.local/lib/python3.8/site-packages/airflow/example_dags/example_complex.py took 0.042 seconds
