[2024-04-02T22:20:53.033+0000] {processor.py:161} INFO - Started process (PID=51) to work on /home/airflow/.local/lib/python3.8/site-packages/airflow/example_dags/example_nested_branch_dag.py
[2024-04-02T22:20:53.034+0000] {processor.py:830} INFO - Processing file /home/airflow/.local/lib/python3.8/site-packages/airflow/example_dags/example_nested_branch_dag.py for tasks to queue
[2024-04-02T22:20:53.034+0000] {logging_mixin.py:188} INFO - [2024-04-02T22:20:53.034+0000] {dagbag.py:540} INFO - Filling up the DagBag from /home/airflow/.local/lib/python3.8/site-packages/airflow/example_dags/example_nested_branch_dag.py
[2024-04-02T22:20:53.042+0000] {processor.py:840} INFO - DAG(s) 'example_nested_branch_dag' retrieved from /home/airflow/.local/lib/python3.8/site-packages/airflow/example_dags/example_nested_branch_dag.py
[2024-04-02T22:20:53.049+0000] {logging_mixin.py:188} INFO - [2024-04-02T22:20:53.049+0000] {dag.py:3047} INFO - Sync 1 DAGs
[2024-04-02T22:20:53.064+0000] {logging_mixin.py:188} INFO - [2024-04-02T22:20:53.063+0000] {dag.py:3834} INFO - Setting next_dagrun for example_nested_branch_dag to 2024-04-01 00:00:00+00:00, run_after=2024-04-02 00:00:00+00:00
[2024-04-02T22:20:53.079+0000] {processor.py:183} INFO - Processing /home/airflow/.local/lib/python3.8/site-packages/airflow/example_dags/example_nested_branch_dag.py took 0.047 seconds
[2024-04-02T22:21:23.618+0000] {processor.py:161} INFO - Started process (PID=106) to work on /home/airflow/.local/lib/python3.8/site-packages/airflow/example_dags/example_nested_branch_dag.py
[2024-04-02T22:21:23.619+0000] {processor.py:830} INFO - Processing file /home/airflow/.local/lib/python3.8/site-packages/airflow/example_dags/example_nested_branch_dag.py for tasks to queue
[2024-04-02T22:21:23.620+0000] {logging_mixin.py:188} INFO - [2024-04-02T22:21:23.620+0000] {dagbag.py:540} INFO - Filling up the DagBag from /home/airflow/.local/lib/python3.8/site-packages/airflow/example_dags/example_nested_branch_dag.py
[2024-04-02T22:21:23.629+0000] {processor.py:840} INFO - DAG(s) 'example_nested_branch_dag' retrieved from /home/airflow/.local/lib/python3.8/site-packages/airflow/example_dags/example_nested_branch_dag.py
[2024-04-02T22:21:23.733+0000] {logging_mixin.py:188} INFO - [2024-04-02T22:21:23.733+0000] {dag.py:3047} INFO - Sync 1 DAGs
[2024-04-02T22:21:23.751+0000] {logging_mixin.py:188} INFO - [2024-04-02T22:21:23.751+0000] {dag.py:3834} INFO - Setting next_dagrun for example_nested_branch_dag to 2024-04-01 00:00:00+00:00, run_after=2024-04-02 00:00:00+00:00
[2024-04-02T22:21:23.770+0000] {processor.py:183} INFO - Processing /home/airflow/.local/lib/python3.8/site-packages/airflow/example_dags/example_nested_branch_dag.py took 0.153 seconds
[2024-04-02T22:21:53.909+0000] {processor.py:161} INFO - Started process (PID=161) to work on /home/airflow/.local/lib/python3.8/site-packages/airflow/example_dags/example_nested_branch_dag.py
[2024-04-02T22:21:53.909+0000] {processor.py:830} INFO - Processing file /home/airflow/.local/lib/python3.8/site-packages/airflow/example_dags/example_nested_branch_dag.py for tasks to queue
[2024-04-02T22:21:53.910+0000] {logging_mixin.py:188} INFO - [2024-04-02T22:21:53.910+0000] {dagbag.py:540} INFO - Filling up the DagBag from /home/airflow/.local/lib/python3.8/site-packages/airflow/example_dags/example_nested_branch_dag.py
[2024-04-02T22:21:53.916+0000] {processor.py:840} INFO - DAG(s) 'example_nested_branch_dag' retrieved from /home/airflow/.local/lib/python3.8/site-packages/airflow/example_dags/example_nested_branch_dag.py
[2024-04-02T22:21:53.929+0000] {logging_mixin.py:188} INFO - [2024-04-02T22:21:53.928+0000] {dag.py:3047} INFO - Sync 1 DAGs
[2024-04-02T22:21:53.944+0000] {logging_mixin.py:188} INFO - [2024-04-02T22:21:53.944+0000] {dag.py:3834} INFO - Setting next_dagrun for example_nested_branch_dag to 2024-04-01 00:00:00+00:00, run_after=2024-04-02 00:00:00+00:00
[2024-04-02T22:21:53.960+0000] {processor.py:183} INFO - Processing /home/airflow/.local/lib/python3.8/site-packages/airflow/example_dags/example_nested_branch_dag.py took 0.052 seconds
[2024-04-02T22:22:24.689+0000] {processor.py:161} INFO - Started process (PID=216) to work on /home/airflow/.local/lib/python3.8/site-packages/airflow/example_dags/example_nested_branch_dag.py
[2024-04-02T22:22:24.689+0000] {processor.py:830} INFO - Processing file /home/airflow/.local/lib/python3.8/site-packages/airflow/example_dags/example_nested_branch_dag.py for tasks to queue
[2024-04-02T22:22:24.690+0000] {logging_mixin.py:188} INFO - [2024-04-02T22:22:24.690+0000] {dagbag.py:540} INFO - Filling up the DagBag from /home/airflow/.local/lib/python3.8/site-packages/airflow/example_dags/example_nested_branch_dag.py
[2024-04-02T22:22:24.695+0000] {processor.py:840} INFO - DAG(s) 'example_nested_branch_dag' retrieved from /home/airflow/.local/lib/python3.8/site-packages/airflow/example_dags/example_nested_branch_dag.py
[2024-04-02T22:22:24.710+0000] {logging_mixin.py:188} INFO - [2024-04-02T22:22:24.710+0000] {dag.py:3047} INFO - Sync 1 DAGs
[2024-04-02T22:22:24.724+0000] {logging_mixin.py:188} INFO - [2024-04-02T22:22:24.724+0000] {dag.py:3834} INFO - Setting next_dagrun for example_nested_branch_dag to 2024-04-01 00:00:00+00:00, run_after=2024-04-02 00:00:00+00:00
[2024-04-02T22:22:24.740+0000] {processor.py:183} INFO - Processing /home/airflow/.local/lib/python3.8/site-packages/airflow/example_dags/example_nested_branch_dag.py took 0.053 seconds
