[2024-04-02T22:20:52.334+0000] {processor.py:161} INFO - Started process (PID=38) to work on /home/airflow/.local/lib/python3.8/site-packages/airflow/example_dags/example_params_trigger_ui.py
[2024-04-02T22:20:52.335+0000] {processor.py:830} INFO - Processing file /home/airflow/.local/lib/python3.8/site-packages/airflow/example_dags/example_params_trigger_ui.py for tasks to queue
[2024-04-02T22:20:52.336+0000] {logging_mixin.py:188} INFO - [2024-04-02T22:20:52.336+0000] {dagbag.py:540} INFO - Filling up the DagBag from /home/airflow/.local/lib/python3.8/site-packages/airflow/example_dags/example_params_trigger_ui.py
[2024-04-02T22:20:52.357+0000] {processor.py:840} INFO - DAG(s) 'example_params_trigger_ui' retrieved from /home/airflow/.local/lib/python3.8/site-packages/airflow/example_dags/example_params_trigger_ui.py
[2024-04-02T22:20:52.376+0000] {logging_mixin.py:188} INFO - [2024-04-02T22:20:52.376+0000] {dag.py:3047} INFO - Sync 1 DAGs
[2024-04-02T22:20:52.384+0000] {logging_mixin.py:188} INFO - [2024-04-02T22:20:52.384+0000] {dag.py:3834} INFO - Setting next_dagrun for example_params_trigger_ui to None, run_after=None
[2024-04-02T22:20:52.400+0000] {processor.py:183} INFO - Processing /home/airflow/.local/lib/python3.8/site-packages/airflow/example_dags/example_params_trigger_ui.py took 0.068 seconds
[2024-04-02T22:21:22.697+0000] {processor.py:161} INFO - Started process (PID=93) to work on /home/airflow/.local/lib/python3.8/site-packages/airflow/example_dags/example_params_trigger_ui.py
[2024-04-02T22:21:22.718+0000] {processor.py:830} INFO - Processing file /home/airflow/.local/lib/python3.8/site-packages/airflow/example_dags/example_params_trigger_ui.py for tasks to queue
[2024-04-02T22:21:22.719+0000] {logging_mixin.py:188} INFO - [2024-04-02T22:21:22.719+0000] {dagbag.py:540} INFO - Filling up the DagBag from /home/airflow/.local/lib/python3.8/site-packages/airflow/example_dags/example_params_trigger_ui.py
[2024-04-02T22:21:22.728+0000] {processor.py:840} INFO - DAG(s) 'example_params_trigger_ui' retrieved from /home/airflow/.local/lib/python3.8/site-packages/airflow/example_dags/example_params_trigger_ui.py
[2024-04-02T22:21:22.849+0000] {logging_mixin.py:188} INFO - [2024-04-02T22:21:22.849+0000] {dag.py:3047} INFO - Sync 1 DAGs
[2024-04-02T22:21:22.856+0000] {logging_mixin.py:188} INFO - [2024-04-02T22:21:22.855+0000] {dag.py:3834} INFO - Setting next_dagrun for example_params_trigger_ui to None, run_after=None
[2024-04-02T22:21:22.869+0000] {processor.py:183} INFO - Processing /home/airflow/.local/lib/python3.8/site-packages/airflow/example_dags/example_params_trigger_ui.py took 0.174 seconds
[2024-04-02T22:21:53.450+0000] {processor.py:161} INFO - Started process (PID=148) to work on /home/airflow/.local/lib/python3.8/site-packages/airflow/example_dags/example_params_trigger_ui.py
[2024-04-02T22:21:53.451+0000] {processor.py:830} INFO - Processing file /home/airflow/.local/lib/python3.8/site-packages/airflow/example_dags/example_params_trigger_ui.py for tasks to queue
[2024-04-02T22:21:53.452+0000] {logging_mixin.py:188} INFO - [2024-04-02T22:21:53.452+0000] {dagbag.py:540} INFO - Filling up the DagBag from /home/airflow/.local/lib/python3.8/site-packages/airflow/example_dags/example_params_trigger_ui.py
[2024-04-02T22:21:53.461+0000] {processor.py:840} INFO - DAG(s) 'example_params_trigger_ui' retrieved from /home/airflow/.local/lib/python3.8/site-packages/airflow/example_dags/example_params_trigger_ui.py
[2024-04-02T22:21:53.502+0000] {logging_mixin.py:188} INFO - [2024-04-02T22:21:53.502+0000] {dag.py:3047} INFO - Sync 1 DAGs
[2024-04-02T22:21:53.510+0000] {logging_mixin.py:188} INFO - [2024-04-02T22:21:53.510+0000] {dag.py:3834} INFO - Setting next_dagrun for example_params_trigger_ui to None, run_after=None
[2024-04-02T22:21:53.520+0000] {processor.py:183} INFO - Processing /home/airflow/.local/lib/python3.8/site-packages/airflow/example_dags/example_params_trigger_ui.py took 0.071 seconds
[2024-04-02T22:22:24.306+0000] {processor.py:161} INFO - Started process (PID=203) to work on /home/airflow/.local/lib/python3.8/site-packages/airflow/example_dags/example_params_trigger_ui.py
[2024-04-02T22:22:24.306+0000] {processor.py:830} INFO - Processing file /home/airflow/.local/lib/python3.8/site-packages/airflow/example_dags/example_params_trigger_ui.py for tasks to queue
[2024-04-02T22:22:24.307+0000] {logging_mixin.py:188} INFO - [2024-04-02T22:22:24.307+0000] {dagbag.py:540} INFO - Filling up the DagBag from /home/airflow/.local/lib/python3.8/site-packages/airflow/example_dags/example_params_trigger_ui.py
[2024-04-02T22:22:24.314+0000] {processor.py:840} INFO - DAG(s) 'example_params_trigger_ui' retrieved from /home/airflow/.local/lib/python3.8/site-packages/airflow/example_dags/example_params_trigger_ui.py
[2024-04-02T22:22:24.341+0000] {logging_mixin.py:188} INFO - [2024-04-02T22:22:24.341+0000] {dag.py:3047} INFO - Sync 1 DAGs
[2024-04-02T22:22:24.348+0000] {logging_mixin.py:188} INFO - [2024-04-02T22:22:24.347+0000] {dag.py:3834} INFO - Setting next_dagrun for example_params_trigger_ui to None, run_after=None
[2024-04-02T22:22:24.361+0000] {processor.py:183} INFO - Processing /home/airflow/.local/lib/python3.8/site-packages/airflow/example_dags/example_params_trigger_ui.py took 0.057 seconds
