[2024-04-02T22:20:54.315+0000] {processor.py:161} INFO - Started process (PID=81) to work on /home/airflow/.local/lib/python3.8/site-packages/airflow/example_dags/example_subdag_operator.py
[2024-04-02T22:20:54.316+0000] {processor.py:830} INFO - Processing file /home/airflow/.local/lib/python3.8/site-packages/airflow/example_dags/example_subdag_operator.py for tasks to queue
[2024-04-02T22:20:54.317+0000] {logging_mixin.py:188} INFO - [2024-04-02T22:20:54.317+0000] {dagbag.py:540} INFO - Filling up the DagBag from /home/airflow/.local/lib/python3.8/site-packages/airflow/example_dags/example_subdag_operator.py
[2024-04-02T22:20:54.335+0000] {processor.py:840} INFO - DAG(s) 'example_subdag_operator.section-1', 'example_subdag_operator.section-2', 'example_subdag_operator' retrieved from /home/airflow/.local/lib/python3.8/site-packages/airflow/example_dags/example_subdag_operator.py
[2024-04-02T22:20:54.339+0000] {logging_mixin.py:188} INFO - [2024-04-02T22:20:54.338+0000] {dag.py:3047} INFO - Sync 3 DAGs
[2024-04-02T22:20:54.357+0000] {logging_mixin.py:188} INFO - [2024-04-02T22:20:54.357+0000] {dag.py:3834} INFO - Setting next_dagrun for example_subdag_operator to 2022-01-01 00:00:00+00:00, run_after=2022-01-01 00:00:00+00:00
[2024-04-02T22:20:54.359+0000] {logging_mixin.py:188} INFO - [2024-04-02T22:20:54.359+0000] {dag.py:3834} INFO - Setting next_dagrun for example_subdag_operator.section-1 to None, run_after=None
[2024-04-02T22:20:54.361+0000] {logging_mixin.py:188} INFO - [2024-04-02T22:20:54.361+0000] {dag.py:3834} INFO - Setting next_dagrun for example_subdag_operator.section-2 to None, run_after=None
[2024-04-02T22:20:54.366+0000] {logging_mixin.py:188} INFO - [2024-04-02T22:20:54.366+0000] {dag.py:3047} INFO - Sync 2 DAGs
[2024-04-02T22:20:54.371+0000] {logging_mixin.py:188} INFO - [2024-04-02T22:20:54.371+0000] {dag.py:3834} INFO - Setting next_dagrun for example_subdag_operator.section-1 to None, run_after=None
[2024-04-02T22:20:54.372+0000] {logging_mixin.py:188} INFO - [2024-04-02T22:20:54.372+0000] {dag.py:3834} INFO - Setting next_dagrun for example_subdag_operator.section-2 to None, run_after=None
[2024-04-02T22:20:54.385+0000] {processor.py:183} INFO - Processing /home/airflow/.local/lib/python3.8/site-packages/airflow/example_dags/example_subdag_operator.py took 0.071 seconds
[2024-04-02T22:21:25.971+0000] {processor.py:161} INFO - Started process (PID=136) to work on /home/airflow/.local/lib/python3.8/site-packages/airflow/example_dags/example_subdag_operator.py
[2024-04-02T22:21:25.971+0000] {processor.py:830} INFO - Processing file /home/airflow/.local/lib/python3.8/site-packages/airflow/example_dags/example_subdag_operator.py for tasks to queue
[2024-04-02T22:21:25.972+0000] {logging_mixin.py:188} INFO - [2024-04-02T22:21:25.972+0000] {dagbag.py:540} INFO - Filling up the DagBag from /home/airflow/.local/lib/python3.8/site-packages/airflow/example_dags/example_subdag_operator.py
[2024-04-02T22:21:25.986+0000] {processor.py:840} INFO - DAG(s) 'example_subdag_operator.section-1', 'example_subdag_operator.section-2', 'example_subdag_operator' retrieved from /home/airflow/.local/lib/python3.8/site-packages/airflow/example_dags/example_subdag_operator.py
[2024-04-02T22:21:26.035+0000] {logging_mixin.py:188} INFO - [2024-04-02T22:21:26.035+0000] {dag.py:3047} INFO - Sync 3 DAGs
[2024-04-02T22:21:26.046+0000] {logging_mixin.py:188} INFO - [2024-04-02T22:21:26.045+0000] {dag.py:3834} INFO - Setting next_dagrun for example_subdag_operator to 2022-01-01 00:00:00+00:00, run_after=2022-01-01 00:00:00+00:00
[2024-04-02T22:21:26.047+0000] {logging_mixin.py:188} INFO - [2024-04-02T22:21:26.047+0000] {dag.py:3834} INFO - Setting next_dagrun for example_subdag_operator.section-1 to None, run_after=None
[2024-04-02T22:21:26.048+0000] {logging_mixin.py:188} INFO - [2024-04-02T22:21:26.048+0000] {dag.py:3834} INFO - Setting next_dagrun for example_subdag_operator.section-2 to None, run_after=None
[2024-04-02T22:21:26.054+0000] {logging_mixin.py:188} INFO - [2024-04-02T22:21:26.054+0000] {dag.py:3047} INFO - Sync 2 DAGs
[2024-04-02T22:21:26.057+0000] {logging_mixin.py:188} INFO - [2024-04-02T22:21:26.057+0000] {dag.py:3834} INFO - Setting next_dagrun for example_subdag_operator.section-1 to None, run_after=None
[2024-04-02T22:21:26.057+0000] {logging_mixin.py:188} INFO - [2024-04-02T22:21:26.057+0000] {dag.py:3834} INFO - Setting next_dagrun for example_subdag_operator.section-2 to None, run_after=None
[2024-04-02T22:21:26.082+0000] {processor.py:183} INFO - Processing /home/airflow/.local/lib/python3.8/site-packages/airflow/example_dags/example_subdag_operator.py took 0.113 seconds
[2024-04-02T22:21:56.895+0000] {processor.py:161} INFO - Started process (PID=191) to work on /home/airflow/.local/lib/python3.8/site-packages/airflow/example_dags/example_subdag_operator.py
[2024-04-02T22:21:56.896+0000] {processor.py:830} INFO - Processing file /home/airflow/.local/lib/python3.8/site-packages/airflow/example_dags/example_subdag_operator.py for tasks to queue
[2024-04-02T22:21:56.896+0000] {logging_mixin.py:188} INFO - [2024-04-02T22:21:56.896+0000] {dagbag.py:540} INFO - Filling up the DagBag from /home/airflow/.local/lib/python3.8/site-packages/airflow/example_dags/example_subdag_operator.py
[2024-04-02T22:21:56.910+0000] {processor.py:840} INFO - DAG(s) 'example_subdag_operator.section-1', 'example_subdag_operator.section-2', 'example_subdag_operator' retrieved from /home/airflow/.local/lib/python3.8/site-packages/airflow/example_dags/example_subdag_operator.py
[2024-04-02T22:21:56.917+0000] {logging_mixin.py:188} INFO - [2024-04-02T22:21:56.917+0000] {dag.py:3047} INFO - Sync 3 DAGs
[2024-04-02T22:21:56.927+0000] {logging_mixin.py:188} INFO - [2024-04-02T22:21:56.927+0000] {dag.py:3834} INFO - Setting next_dagrun for example_subdag_operator to 2022-01-01 00:00:00+00:00, run_after=2022-01-01 00:00:00+00:00
[2024-04-02T22:21:56.929+0000] {logging_mixin.py:188} INFO - [2024-04-02T22:21:56.929+0000] {dag.py:3834} INFO - Setting next_dagrun for example_subdag_operator.section-1 to None, run_after=None
[2024-04-02T22:21:56.929+0000] {logging_mixin.py:188} INFO - [2024-04-02T22:21:56.929+0000] {dag.py:3834} INFO - Setting next_dagrun for example_subdag_operator.section-2 to None, run_after=None
[2024-04-02T22:21:56.933+0000] {logging_mixin.py:188} INFO - [2024-04-02T22:21:56.933+0000] {dag.py:3047} INFO - Sync 2 DAGs
[2024-04-02T22:21:56.936+0000] {logging_mixin.py:188} INFO - [2024-04-02T22:21:56.935+0000] {dag.py:3834} INFO - Setting next_dagrun for example_subdag_operator.section-1 to None, run_after=None
[2024-04-02T22:21:56.936+0000] {logging_mixin.py:188} INFO - [2024-04-02T22:21:56.936+0000] {dag.py:3834} INFO - Setting next_dagrun for example_subdag_operator.section-2 to None, run_after=None
[2024-04-02T22:21:56.941+0000] {processor.py:183} INFO - Processing /home/airflow/.local/lib/python3.8/site-packages/airflow/example_dags/example_subdag_operator.py took 0.048 seconds
[2024-04-02T22:22:27.685+0000] {processor.py:161} INFO - Started process (PID=246) to work on /home/airflow/.local/lib/python3.8/site-packages/airflow/example_dags/example_subdag_operator.py
[2024-04-02T22:22:27.685+0000] {processor.py:830} INFO - Processing file /home/airflow/.local/lib/python3.8/site-packages/airflow/example_dags/example_subdag_operator.py for tasks to queue
[2024-04-02T22:22:27.686+0000] {logging_mixin.py:188} INFO - [2024-04-02T22:22:27.686+0000] {dagbag.py:540} INFO - Filling up the DagBag from /home/airflow/.local/lib/python3.8/site-packages/airflow/example_dags/example_subdag_operator.py
[2024-04-02T22:22:27.702+0000] {processor.py:840} INFO - DAG(s) 'example_subdag_operator.section-1', 'example_subdag_operator.section-2', 'example_subdag_operator' retrieved from /home/airflow/.local/lib/python3.8/site-packages/airflow/example_dags/example_subdag_operator.py
[2024-04-02T22:22:27.715+0000] {logging_mixin.py:188} INFO - [2024-04-02T22:22:27.715+0000] {dag.py:3047} INFO - Sync 3 DAGs
[2024-04-02T22:22:27.732+0000] {logging_mixin.py:188} INFO - [2024-04-02T22:22:27.732+0000] {dag.py:3834} INFO - Setting next_dagrun for example_subdag_operator to 2022-01-01 00:00:00+00:00, run_after=2022-01-01 00:00:00+00:00
[2024-04-02T22:22:27.735+0000] {logging_mixin.py:188} INFO - [2024-04-02T22:22:27.735+0000] {dag.py:3834} INFO - Setting next_dagrun for example_subdag_operator.section-1 to None, run_after=None
[2024-04-02T22:22:27.736+0000] {logging_mixin.py:188} INFO - [2024-04-02T22:22:27.736+0000] {dag.py:3834} INFO - Setting next_dagrun for example_subdag_operator.section-2 to None, run_after=None
[2024-04-02T22:22:27.742+0000] {logging_mixin.py:188} INFO - [2024-04-02T22:22:27.742+0000] {dag.py:3047} INFO - Sync 2 DAGs
[2024-04-02T22:22:27.746+0000] {logging_mixin.py:188} INFO - [2024-04-02T22:22:27.746+0000] {dag.py:3834} INFO - Setting next_dagrun for example_subdag_operator.section-1 to None, run_after=None
[2024-04-02T22:22:27.746+0000] {logging_mixin.py:188} INFO - [2024-04-02T22:22:27.746+0000] {dag.py:3834} INFO - Setting next_dagrun for example_subdag_operator.section-2 to None, run_after=None
[2024-04-02T22:22:27.755+0000] {processor.py:183} INFO - Processing /home/airflow/.local/lib/python3.8/site-packages/airflow/example_dags/example_subdag_operator.py took 0.072 seconds
