[2024-04-02T22:20:52.851+0000] {processor.py:161} INFO - Started process (PID=49) to work on /home/airflow/.local/lib/python3.8/site-packages/airflow/example_dags/example_task_group_decorator.py
[2024-04-02T22:20:52.851+0000] {processor.py:830} INFO - Processing file /home/airflow/.local/lib/python3.8/site-packages/airflow/example_dags/example_task_group_decorator.py for tasks to queue
[2024-04-02T22:20:52.853+0000] {logging_mixin.py:188} INFO - [2024-04-02T22:20:52.853+0000] {dagbag.py:540} INFO - Filling up the DagBag from /home/airflow/.local/lib/python3.8/site-packages/airflow/example_dags/example_task_group_decorator.py
[2024-04-02T22:20:52.870+0000] {processor.py:840} INFO - DAG(s) 'example_task_group_decorator' retrieved from /home/airflow/.local/lib/python3.8/site-packages/airflow/example_dags/example_task_group_decorator.py
[2024-04-02T22:20:52.883+0000] {logging_mixin.py:188} INFO - [2024-04-02T22:20:52.882+0000] {dag.py:3047} INFO - Sync 1 DAGs
[2024-04-02T22:20:52.907+0000] {logging_mixin.py:188} INFO - [2024-04-02T22:20:52.906+0000] {dag.py:3834} INFO - Setting next_dagrun for example_task_group_decorator to 2024-04-01 00:00:00+00:00, run_after=2024-04-02 00:00:00+00:00
[2024-04-02T22:20:52.927+0000] {processor.py:183} INFO - Processing /home/airflow/.local/lib/python3.8/site-packages/airflow/example_dags/example_task_group_decorator.py took 0.080 seconds
[2024-04-02T22:21:23.489+0000] {processor.py:161} INFO - Started process (PID=104) to work on /home/airflow/.local/lib/python3.8/site-packages/airflow/example_dags/example_task_group_decorator.py
[2024-04-02T22:21:23.489+0000] {processor.py:830} INFO - Processing file /home/airflow/.local/lib/python3.8/site-packages/airflow/example_dags/example_task_group_decorator.py for tasks to queue
[2024-04-02T22:21:23.490+0000] {logging_mixin.py:188} INFO - [2024-04-02T22:21:23.490+0000] {dagbag.py:540} INFO - Filling up the DagBag from /home/airflow/.local/lib/python3.8/site-packages/airflow/example_dags/example_task_group_decorator.py
[2024-04-02T22:21:23.501+0000] {processor.py:840} INFO - DAG(s) 'example_task_group_decorator' retrieved from /home/airflow/.local/lib/python3.8/site-packages/airflow/example_dags/example_task_group_decorator.py
[2024-04-02T22:21:23.570+0000] {logging_mixin.py:188} INFO - [2024-04-02T22:21:23.569+0000] {dag.py:3047} INFO - Sync 1 DAGs
[2024-04-02T22:21:23.583+0000] {logging_mixin.py:188} INFO - [2024-04-02T22:21:23.583+0000] {dag.py:3834} INFO - Setting next_dagrun for example_task_group_decorator to 2024-04-01 00:00:00+00:00, run_after=2024-04-02 00:00:00+00:00
[2024-04-02T22:21:23.601+0000] {processor.py:183} INFO - Processing /home/airflow/.local/lib/python3.8/site-packages/airflow/example_dags/example_task_group_decorator.py took 0.114 seconds
[2024-04-02T22:21:53.801+0000] {processor.py:161} INFO - Started process (PID=159) to work on /home/airflow/.local/lib/python3.8/site-packages/airflow/example_dags/example_task_group_decorator.py
[2024-04-02T22:21:53.802+0000] {processor.py:830} INFO - Processing file /home/airflow/.local/lib/python3.8/site-packages/airflow/example_dags/example_task_group_decorator.py for tasks to queue
[2024-04-02T22:21:53.802+0000] {logging_mixin.py:188} INFO - [2024-04-02T22:21:53.802+0000] {dagbag.py:540} INFO - Filling up the DagBag from /home/airflow/.local/lib/python3.8/site-packages/airflow/example_dags/example_task_group_decorator.py
[2024-04-02T22:21:53.809+0000] {processor.py:840} INFO - DAG(s) 'example_task_group_decorator' retrieved from /home/airflow/.local/lib/python3.8/site-packages/airflow/example_dags/example_task_group_decorator.py
[2024-04-02T22:21:53.822+0000] {logging_mixin.py:188} INFO - [2024-04-02T22:21:53.822+0000] {dag.py:3047} INFO - Sync 1 DAGs
[2024-04-02T22:21:53.833+0000] {logging_mixin.py:188} INFO - [2024-04-02T22:21:53.832+0000] {dag.py:3834} INFO - Setting next_dagrun for example_task_group_decorator to 2024-04-01 00:00:00+00:00, run_after=2024-04-02 00:00:00+00:00
[2024-04-02T22:21:53.842+0000] {processor.py:183} INFO - Processing /home/airflow/.local/lib/python3.8/site-packages/airflow/example_dags/example_task_group_decorator.py took 0.043 seconds
[2024-04-02T22:22:24.632+0000] {processor.py:161} INFO - Started process (PID=214) to work on /home/airflow/.local/lib/python3.8/site-packages/airflow/example_dags/example_task_group_decorator.py
[2024-04-02T22:22:24.633+0000] {processor.py:830} INFO - Processing file /home/airflow/.local/lib/python3.8/site-packages/airflow/example_dags/example_task_group_decorator.py for tasks to queue
[2024-04-02T22:22:24.634+0000] {logging_mixin.py:188} INFO - [2024-04-02T22:22:24.634+0000] {dagbag.py:540} INFO - Filling up the DagBag from /home/airflow/.local/lib/python3.8/site-packages/airflow/example_dags/example_task_group_decorator.py
[2024-04-02T22:22:24.641+0000] {processor.py:840} INFO - DAG(s) 'example_task_group_decorator' retrieved from /home/airflow/.local/lib/python3.8/site-packages/airflow/example_dags/example_task_group_decorator.py
[2024-04-02T22:22:24.658+0000] {logging_mixin.py:188} INFO - [2024-04-02T22:22:24.658+0000] {dag.py:3047} INFO - Sync 1 DAGs
[2024-04-02T22:22:24.672+0000] {logging_mixin.py:188} INFO - [2024-04-02T22:22:24.672+0000] {dag.py:3834} INFO - Setting next_dagrun for example_task_group_decorator to 2024-04-01 00:00:00+00:00, run_after=2024-04-02 00:00:00+00:00
[2024-04-02T22:22:24.683+0000] {processor.py:183} INFO - Processing /home/airflow/.local/lib/python3.8/site-packages/airflow/example_dags/example_task_group_decorator.py took 0.052 seconds
