[2024-04-02T22:20:53.513+0000] {processor.py:161} INFO - Started process (PID=62) to work on /home/airflow/.local/lib/python3.8/site-packages/airflow/example_dags/example_bash_operator.py
[2024-04-02T22:20:53.513+0000] {processor.py:830} INFO - Processing file /home/airflow/.local/lib/python3.8/site-packages/airflow/example_dags/example_bash_operator.py for tasks to queue
[2024-04-02T22:20:53.514+0000] {logging_mixin.py:188} INFO - [2024-04-02T22:20:53.514+0000] {dagbag.py:540} INFO - Filling up the DagBag from /home/airflow/.local/lib/python3.8/site-packages/airflow/example_dags/example_bash_operator.py
[2024-04-02T22:20:53.524+0000] {processor.py:840} INFO - DAG(s) 'example_bash_operator' retrieved from /home/airflow/.local/lib/python3.8/site-packages/airflow/example_dags/example_bash_operator.py
[2024-04-02T22:20:53.534+0000] {logging_mixin.py:188} INFO - [2024-04-02T22:20:53.534+0000] {dag.py:3047} INFO - Sync 1 DAGs
[2024-04-02T22:20:53.557+0000] {logging_mixin.py:188} INFO - [2024-04-02T22:20:53.557+0000] {dag.py:3834} INFO - Setting next_dagrun for example_bash_operator to 2024-04-01 00:00:00+00:00, run_after=2024-04-02 00:00:00+00:00
[2024-04-02T22:20:53.611+0000] {processor.py:183} INFO - Processing /home/airflow/.local/lib/python3.8/site-packages/airflow/example_dags/example_bash_operator.py took 0.101 seconds
[2024-04-02T22:21:24.583+0000] {processor.py:161} INFO - Started process (PID=117) to work on /home/airflow/.local/lib/python3.8/site-packages/airflow/example_dags/example_bash_operator.py
[2024-04-02T22:21:24.583+0000] {processor.py:830} INFO - Processing file /home/airflow/.local/lib/python3.8/site-packages/airflow/example_dags/example_bash_operator.py for tasks to queue
[2024-04-02T22:21:24.584+0000] {logging_mixin.py:188} INFO - [2024-04-02T22:21:24.584+0000] {dagbag.py:540} INFO - Filling up the DagBag from /home/airflow/.local/lib/python3.8/site-packages/airflow/example_dags/example_bash_operator.py
[2024-04-02T22:21:24.591+0000] {processor.py:840} INFO - DAG(s) 'example_bash_operator' retrieved from /home/airflow/.local/lib/python3.8/site-packages/airflow/example_dags/example_bash_operator.py
[2024-04-02T22:21:24.667+0000] {logging_mixin.py:188} INFO - [2024-04-02T22:21:24.667+0000] {dag.py:3047} INFO - Sync 1 DAGs
[2024-04-02T22:21:24.684+0000] {logging_mixin.py:188} INFO - [2024-04-02T22:21:24.683+0000] {dag.py:3834} INFO - Setting next_dagrun for example_bash_operator to 2024-04-01 00:00:00+00:00, run_after=2024-04-02 00:00:00+00:00
[2024-04-02T22:21:24.729+0000] {processor.py:183} INFO - Processing /home/airflow/.local/lib/python3.8/site-packages/airflow/example_dags/example_bash_operator.py took 0.149 seconds
[2024-04-02T22:21:55.305+0000] {processor.py:161} INFO - Started process (PID=172) to work on /home/airflow/.local/lib/python3.8/site-packages/airflow/example_dags/example_bash_operator.py
[2024-04-02T22:21:55.306+0000] {processor.py:830} INFO - Processing file /home/airflow/.local/lib/python3.8/site-packages/airflow/example_dags/example_bash_operator.py for tasks to queue
[2024-04-02T22:21:55.307+0000] {logging_mixin.py:188} INFO - [2024-04-02T22:21:55.306+0000] {dagbag.py:540} INFO - Filling up the DagBag from /home/airflow/.local/lib/python3.8/site-packages/airflow/example_dags/example_bash_operator.py
[2024-04-02T22:21:55.313+0000] {processor.py:840} INFO - DAG(s) 'example_bash_operator' retrieved from /home/airflow/.local/lib/python3.8/site-packages/airflow/example_dags/example_bash_operator.py
[2024-04-02T22:21:55.330+0000] {logging_mixin.py:188} INFO - [2024-04-02T22:21:55.330+0000] {dag.py:3047} INFO - Sync 1 DAGs
[2024-04-02T22:21:55.343+0000] {logging_mixin.py:188} INFO - [2024-04-02T22:21:55.343+0000] {dag.py:3834} INFO - Setting next_dagrun for example_bash_operator to 2024-04-01 00:00:00+00:00, run_after=2024-04-02 00:00:00+00:00
[2024-04-02T22:21:55.358+0000] {processor.py:183} INFO - Processing /home/airflow/.local/lib/python3.8/site-packages/airflow/example_dags/example_bash_operator.py took 0.054 seconds
[2024-04-02T22:22:26.057+0000] {processor.py:161} INFO - Started process (PID=227) to work on /home/airflow/.local/lib/python3.8/site-packages/airflow/example_dags/example_bash_operator.py
[2024-04-02T22:22:26.058+0000] {processor.py:830} INFO - Processing file /home/airflow/.local/lib/python3.8/site-packages/airflow/example_dags/example_bash_operator.py for tasks to queue
[2024-04-02T22:22:26.059+0000] {logging_mixin.py:188} INFO - [2024-04-02T22:22:26.059+0000] {dagbag.py:540} INFO - Filling up the DagBag from /home/airflow/.local/lib/python3.8/site-packages/airflow/example_dags/example_bash_operator.py
[2024-04-02T22:22:26.065+0000] {processor.py:840} INFO - DAG(s) 'example_bash_operator' retrieved from /home/airflow/.local/lib/python3.8/site-packages/airflow/example_dags/example_bash_operator.py
[2024-04-02T22:22:26.083+0000] {logging_mixin.py:188} INFO - [2024-04-02T22:22:26.083+0000] {dag.py:3047} INFO - Sync 1 DAGs
[2024-04-02T22:22:26.097+0000] {logging_mixin.py:188} INFO - [2024-04-02T22:22:26.097+0000] {dag.py:3834} INFO - Setting next_dagrun for example_bash_operator to 2024-04-01 00:00:00+00:00, run_after=2024-04-02 00:00:00+00:00
[2024-04-02T22:22:26.110+0000] {processor.py:183} INFO - Processing /home/airflow/.local/lib/python3.8/site-packages/airflow/example_dags/example_bash_operator.py took 0.054 seconds
