[2024-04-02T22:20:54.183+0000] {processor.py:161} INFO - Started process (PID=77) to work on /home/airflow/.local/lib/python3.8/site-packages/airflow/example_dags/example_kubernetes_executor.py
[2024-04-02T22:20:54.184+0000] {processor.py:830} INFO - Processing file /home/airflow/.local/lib/python3.8/site-packages/airflow/example_dags/example_kubernetes_executor.py for tasks to queue
[2024-04-02T22:20:54.185+0000] {logging_mixin.py:188} INFO - [2024-04-02T22:20:54.185+0000] {dagbag.py:540} INFO - Filling up the DagBag from /home/airflow/.local/lib/python3.8/site-packages/airflow/example_dags/example_kubernetes_executor.py
[2024-04-02T22:20:54.199+0000] {processor.py:840} INFO - DAG(s) 'example_kubernetes_executor' retrieved from /home/airflow/.local/lib/python3.8/site-packages/airflow/example_dags/example_kubernetes_executor.py
[2024-04-02T22:20:54.210+0000] {logging_mixin.py:188} INFO - [2024-04-02T22:20:54.209+0000] {dag.py:3047} INFO - Sync 1 DAGs
[2024-04-02T22:20:54.221+0000] {logging_mixin.py:188} INFO - [2024-04-02T22:20:54.221+0000] {dag.py:3834} INFO - Setting next_dagrun for example_kubernetes_executor to None, run_after=None
[2024-04-02T22:20:54.238+0000] {processor.py:183} INFO - Processing /home/airflow/.local/lib/python3.8/site-packages/airflow/example_dags/example_kubernetes_executor.py took 0.057 seconds
[2024-04-02T22:21:25.637+0000] {processor.py:161} INFO - Started process (PID=132) to work on /home/airflow/.local/lib/python3.8/site-packages/airflow/example_dags/example_kubernetes_executor.py
[2024-04-02T22:21:25.639+0000] {processor.py:830} INFO - Processing file /home/airflow/.local/lib/python3.8/site-packages/airflow/example_dags/example_kubernetes_executor.py for tasks to queue
[2024-04-02T22:21:25.639+0000] {logging_mixin.py:188} INFO - [2024-04-02T22:21:25.639+0000] {dagbag.py:540} INFO - Filling up the DagBag from /home/airflow/.local/lib/python3.8/site-packages/airflow/example_dags/example_kubernetes_executor.py
[2024-04-02T22:21:25.648+0000] {processor.py:840} INFO - DAG(s) 'example_kubernetes_executor' retrieved from /home/airflow/.local/lib/python3.8/site-packages/airflow/example_dags/example_kubernetes_executor.py
[2024-04-02T22:21:25.720+0000] {logging_mixin.py:188} INFO - [2024-04-02T22:21:25.720+0000] {dag.py:3047} INFO - Sync 1 DAGs
[2024-04-02T22:21:25.726+0000] {logging_mixin.py:188} INFO - [2024-04-02T22:21:25.726+0000] {dag.py:3834} INFO - Setting next_dagrun for example_kubernetes_executor to None, run_after=None
[2024-04-02T22:21:25.756+0000] {processor.py:183} INFO - Processing /home/airflow/.local/lib/python3.8/site-packages/airflow/example_dags/example_kubernetes_executor.py took 0.121 seconds
[2024-04-02T22:21:56.734+0000] {processor.py:161} INFO - Started process (PID=187) to work on /home/airflow/.local/lib/python3.8/site-packages/airflow/example_dags/example_kubernetes_executor.py
[2024-04-02T22:21:56.735+0000] {processor.py:830} INFO - Processing file /home/airflow/.local/lib/python3.8/site-packages/airflow/example_dags/example_kubernetes_executor.py for tasks to queue
[2024-04-02T22:21:56.736+0000] {logging_mixin.py:188} INFO - [2024-04-02T22:21:56.735+0000] {dagbag.py:540} INFO - Filling up the DagBag from /home/airflow/.local/lib/python3.8/site-packages/airflow/example_dags/example_kubernetes_executor.py
[2024-04-02T22:21:56.744+0000] {processor.py:840} INFO - DAG(s) 'example_kubernetes_executor' retrieved from /home/airflow/.local/lib/python3.8/site-packages/airflow/example_dags/example_kubernetes_executor.py
[2024-04-02T22:21:56.768+0000] {logging_mixin.py:188} INFO - [2024-04-02T22:21:56.768+0000] {dag.py:3047} INFO - Sync 1 DAGs
[2024-04-02T22:21:56.774+0000] {logging_mixin.py:188} INFO - [2024-04-02T22:21:56.774+0000] {dag.py:3834} INFO - Setting next_dagrun for example_kubernetes_executor to None, run_after=None
[2024-04-02T22:21:56.787+0000] {processor.py:183} INFO - Processing /home/airflow/.local/lib/python3.8/site-packages/airflow/example_dags/example_kubernetes_executor.py took 0.055 seconds
[2024-04-02T22:22:27.498+0000] {processor.py:161} INFO - Started process (PID=242) to work on /home/airflow/.local/lib/python3.8/site-packages/airflow/example_dags/example_kubernetes_executor.py
[2024-04-02T22:22:27.498+0000] {processor.py:830} INFO - Processing file /home/airflow/.local/lib/python3.8/site-packages/airflow/example_dags/example_kubernetes_executor.py for tasks to queue
[2024-04-02T22:22:27.499+0000] {logging_mixin.py:188} INFO - [2024-04-02T22:22:27.499+0000] {dagbag.py:540} INFO - Filling up the DagBag from /home/airflow/.local/lib/python3.8/site-packages/airflow/example_dags/example_kubernetes_executor.py
[2024-04-02T22:22:27.507+0000] {processor.py:840} INFO - DAG(s) 'example_kubernetes_executor' retrieved from /home/airflow/.local/lib/python3.8/site-packages/airflow/example_dags/example_kubernetes_executor.py
[2024-04-02T22:22:27.528+0000] {logging_mixin.py:188} INFO - [2024-04-02T22:22:27.528+0000] {dag.py:3047} INFO - Sync 1 DAGs
[2024-04-02T22:22:27.535+0000] {logging_mixin.py:188} INFO - [2024-04-02T22:22:27.535+0000] {dag.py:3834} INFO - Setting next_dagrun for example_kubernetes_executor to None, run_after=None
[2024-04-02T22:22:27.548+0000] {processor.py:183} INFO - Processing /home/airflow/.local/lib/python3.8/site-packages/airflow/example_dags/example_kubernetes_executor.py took 0.052 seconds
