[2024-04-02T22:20:52.432+0000] {processor.py:161} INFO - Started process (PID=41) to work on /home/airflow/.local/lib/python3.8/site-packages/airflow/example_dags/example_sla_dag.py
[2024-04-02T22:20:52.432+0000] {processor.py:830} INFO - Processing file /home/airflow/.local/lib/python3.8/site-packages/airflow/example_dags/example_sla_dag.py for tasks to queue
[2024-04-02T22:20:52.433+0000] {logging_mixin.py:188} INFO - [2024-04-02T22:20:52.433+0000] {dagbag.py:540} INFO - Filling up the DagBag from /home/airflow/.local/lib/python3.8/site-packages/airflow/example_dags/example_sla_dag.py
[2024-04-02T22:20:52.442+0000] {processor.py:840} INFO - DAG(s) 'example_sla_dag' retrieved from /home/airflow/.local/lib/python3.8/site-packages/airflow/example_dags/example_sla_dag.py
[2024-04-02T22:20:52.449+0000] {logging_mixin.py:188} INFO - [2024-04-02T22:20:52.449+0000] {dag.py:3047} INFO - Sync 1 DAGs
[2024-04-02T22:20:52.465+0000] {logging_mixin.py:188} INFO - [2024-04-02T22:20:52.465+0000] {dag.py:3834} INFO - Setting next_dagrun for example_sla_dag to 2024-04-02 22:18:00+00:00, run_after=2024-04-02 22:20:00+00:00
[2024-04-02T22:20:52.480+0000] {processor.py:183} INFO - Processing /home/airflow/.local/lib/python3.8/site-packages/airflow/example_dags/example_sla_dag.py took 0.051 seconds
[2024-04-02T22:21:22.893+0000] {processor.py:161} INFO - Started process (PID=96) to work on /home/airflow/.local/lib/python3.8/site-packages/airflow/example_dags/example_sla_dag.py
[2024-04-02T22:21:22.894+0000] {processor.py:830} INFO - Processing file /home/airflow/.local/lib/python3.8/site-packages/airflow/example_dags/example_sla_dag.py for tasks to queue
[2024-04-02T22:21:22.895+0000] {logging_mixin.py:188} INFO - [2024-04-02T22:21:22.894+0000] {dagbag.py:540} INFO - Filling up the DagBag from /home/airflow/.local/lib/python3.8/site-packages/airflow/example_dags/example_sla_dag.py
[2024-04-02T22:21:22.900+0000] {processor.py:840} INFO - DAG(s) 'example_sla_dag' retrieved from /home/airflow/.local/lib/python3.8/site-packages/airflow/example_dags/example_sla_dag.py
[2024-04-02T22:21:22.966+0000] {logging_mixin.py:188} INFO - [2024-04-02T22:21:22.965+0000] {dag.py:3047} INFO - Sync 1 DAGs
[2024-04-02T22:21:22.981+0000] {logging_mixin.py:188} INFO - [2024-04-02T22:21:22.980+0000] {dag.py:3834} INFO - Setting next_dagrun for example_sla_dag to 2024-04-02 22:18:00+00:00, run_after=2024-04-02 22:20:00+00:00
[2024-04-02T22:21:22.993+0000] {processor.py:183} INFO - Processing /home/airflow/.local/lib/python3.8/site-packages/airflow/example_dags/example_sla_dag.py took 0.102 seconds
[2024-04-02T22:21:53.535+0000] {processor.py:161} INFO - Started process (PID=151) to work on /home/airflow/.local/lib/python3.8/site-packages/airflow/example_dags/example_sla_dag.py
[2024-04-02T22:21:53.535+0000] {processor.py:830} INFO - Processing file /home/airflow/.local/lib/python3.8/site-packages/airflow/example_dags/example_sla_dag.py for tasks to queue
[2024-04-02T22:21:53.536+0000] {logging_mixin.py:188} INFO - [2024-04-02T22:21:53.536+0000] {dagbag.py:540} INFO - Filling up the DagBag from /home/airflow/.local/lib/python3.8/site-packages/airflow/example_dags/example_sla_dag.py
[2024-04-02T22:21:53.541+0000] {processor.py:840} INFO - DAG(s) 'example_sla_dag' retrieved from /home/airflow/.local/lib/python3.8/site-packages/airflow/example_dags/example_sla_dag.py
[2024-04-02T22:21:53.555+0000] {logging_mixin.py:188} INFO - [2024-04-02T22:21:53.555+0000] {dag.py:3047} INFO - Sync 1 DAGs
[2024-04-02T22:21:53.571+0000] {logging_mixin.py:188} INFO - [2024-04-02T22:21:53.571+0000] {dag.py:3834} INFO - Setting next_dagrun for example_sla_dag to 2024-04-02 22:18:00+00:00, run_after=2024-04-02 22:20:00+00:00
[2024-04-02T22:21:53.583+0000] {processor.py:183} INFO - Processing /home/airflow/.local/lib/python3.8/site-packages/airflow/example_dags/example_sla_dag.py took 0.051 seconds
[2024-04-02T22:22:24.374+0000] {processor.py:161} INFO - Started process (PID=206) to work on /home/airflow/.local/lib/python3.8/site-packages/airflow/example_dags/example_sla_dag.py
[2024-04-02T22:22:24.374+0000] {processor.py:830} INFO - Processing file /home/airflow/.local/lib/python3.8/site-packages/airflow/example_dags/example_sla_dag.py for tasks to queue
[2024-04-02T22:22:24.375+0000] {logging_mixin.py:188} INFO - [2024-04-02T22:22:24.375+0000] {dagbag.py:540} INFO - Filling up the DagBag from /home/airflow/.local/lib/python3.8/site-packages/airflow/example_dags/example_sla_dag.py
[2024-04-02T22:22:24.380+0000] {processor.py:840} INFO - DAG(s) 'example_sla_dag' retrieved from /home/airflow/.local/lib/python3.8/site-packages/airflow/example_dags/example_sla_dag.py
[2024-04-02T22:22:24.390+0000] {logging_mixin.py:188} INFO - [2024-04-02T22:22:24.390+0000] {dag.py:3047} INFO - Sync 1 DAGs
[2024-04-02T22:22:24.405+0000] {logging_mixin.py:188} INFO - [2024-04-02T22:22:24.405+0000] {dag.py:3834} INFO - Setting next_dagrun for example_sla_dag to 2024-04-02 22:20:00+00:00, run_after=2024-04-02 22:22:00+00:00
[2024-04-02T22:22:24.417+0000] {processor.py:183} INFO - Processing /home/airflow/.local/lib/python3.8/site-packages/airflow/example_dags/example_sla_dag.py took 0.045 seconds
