[2024-04-02T22:20:52.494+0000] {processor.py:161} INFO - Started process (PID=43) to work on /home/airflow/.local/lib/python3.8/site-packages/airflow/example_dags/example_latest_only_with_trigger.py
[2024-04-02T22:20:52.495+0000] {processor.py:830} INFO - Processing file /home/airflow/.local/lib/python3.8/site-packages/airflow/example_dags/example_latest_only_with_trigger.py for tasks to queue
[2024-04-02T22:20:52.496+0000] {logging_mixin.py:188} INFO - [2024-04-02T22:20:52.495+0000] {dagbag.py:540} INFO - Filling up the DagBag from /home/airflow/.local/lib/python3.8/site-packages/airflow/example_dags/example_latest_only_with_trigger.py
[2024-04-02T22:20:52.503+0000] {processor.py:840} INFO - DAG(s) 'latest_only_with_trigger' retrieved from /home/airflow/.local/lib/python3.8/site-packages/airflow/example_dags/example_latest_only_with_trigger.py
[2024-04-02T22:20:52.512+0000] {logging_mixin.py:188} INFO - [2024-04-02T22:20:52.512+0000] {dag.py:3047} INFO - Sync 1 DAGs
[2024-04-02T22:20:52.529+0000] {logging_mixin.py:188} INFO - [2024-04-02T22:20:52.529+0000] {dag.py:3834} INFO - Setting next_dagrun for latest_only_with_trigger to 2024-04-02 16:00:00+00:00, run_after=2024-04-02 20:00:00+00:00
[2024-04-02T22:20:52.543+0000] {processor.py:183} INFO - Processing /home/airflow/.local/lib/python3.8/site-packages/airflow/example_dags/example_latest_only_with_trigger.py took 0.050 seconds
[2024-04-02T22:21:23.008+0000] {processor.py:161} INFO - Started process (PID=98) to work on /home/airflow/.local/lib/python3.8/site-packages/airflow/example_dags/example_latest_only_with_trigger.py
[2024-04-02T22:21:23.008+0000] {processor.py:830} INFO - Processing file /home/airflow/.local/lib/python3.8/site-packages/airflow/example_dags/example_latest_only_with_trigger.py for tasks to queue
[2024-04-02T22:21:23.009+0000] {logging_mixin.py:188} INFO - [2024-04-02T22:21:23.009+0000] {dagbag.py:540} INFO - Filling up the DagBag from /home/airflow/.local/lib/python3.8/site-packages/airflow/example_dags/example_latest_only_with_trigger.py
[2024-04-02T22:21:23.012+0000] {processor.py:840} INFO - DAG(s) 'latest_only_with_trigger' retrieved from /home/airflow/.local/lib/python3.8/site-packages/airflow/example_dags/example_latest_only_with_trigger.py
[2024-04-02T22:21:23.074+0000] {logging_mixin.py:188} INFO - [2024-04-02T22:21:23.073+0000] {dag.py:3047} INFO - Sync 1 DAGs
[2024-04-02T22:21:23.085+0000] {logging_mixin.py:188} INFO - [2024-04-02T22:21:23.085+0000] {dag.py:3834} INFO - Setting next_dagrun for latest_only_with_trigger to 2024-04-02 16:00:00+00:00, run_after=2024-04-02 20:00:00+00:00
[2024-04-02T22:21:23.105+0000] {processor.py:183} INFO - Processing /home/airflow/.local/lib/python3.8/site-packages/airflow/example_dags/example_latest_only_with_trigger.py took 0.099 seconds
[2024-04-02T22:21:53.595+0000] {processor.py:161} INFO - Started process (PID=153) to work on /home/airflow/.local/lib/python3.8/site-packages/airflow/example_dags/example_latest_only_with_trigger.py
[2024-04-02T22:21:53.596+0000] {processor.py:830} INFO - Processing file /home/airflow/.local/lib/python3.8/site-packages/airflow/example_dags/example_latest_only_with_trigger.py for tasks to queue
[2024-04-02T22:21:53.597+0000] {logging_mixin.py:188} INFO - [2024-04-02T22:21:53.597+0000] {dagbag.py:540} INFO - Filling up the DagBag from /home/airflow/.local/lib/python3.8/site-packages/airflow/example_dags/example_latest_only_with_trigger.py
[2024-04-02T22:21:53.600+0000] {processor.py:840} INFO - DAG(s) 'latest_only_with_trigger' retrieved from /home/airflow/.local/lib/python3.8/site-packages/airflow/example_dags/example_latest_only_with_trigger.py
[2024-04-02T22:21:53.613+0000] {logging_mixin.py:188} INFO - [2024-04-02T22:21:53.613+0000] {dag.py:3047} INFO - Sync 1 DAGs
[2024-04-02T22:21:53.626+0000] {logging_mixin.py:188} INFO - [2024-04-02T22:21:53.626+0000] {dag.py:3834} INFO - Setting next_dagrun for latest_only_with_trigger to 2024-04-02 16:00:00+00:00, run_after=2024-04-02 20:00:00+00:00
[2024-04-02T22:21:53.640+0000] {processor.py:183} INFO - Processing /home/airflow/.local/lib/python3.8/site-packages/airflow/example_dags/example_latest_only_with_trigger.py took 0.046 seconds
[2024-04-02T22:22:24.429+0000] {processor.py:161} INFO - Started process (PID=208) to work on /home/airflow/.local/lib/python3.8/site-packages/airflow/example_dags/example_latest_only_with_trigger.py
[2024-04-02T22:22:24.430+0000] {processor.py:830} INFO - Processing file /home/airflow/.local/lib/python3.8/site-packages/airflow/example_dags/example_latest_only_with_trigger.py for tasks to queue
[2024-04-02T22:22:24.431+0000] {logging_mixin.py:188} INFO - [2024-04-02T22:22:24.430+0000] {dagbag.py:540} INFO - Filling up the DagBag from /home/airflow/.local/lib/python3.8/site-packages/airflow/example_dags/example_latest_only_with_trigger.py
[2024-04-02T22:22:24.434+0000] {processor.py:840} INFO - DAG(s) 'latest_only_with_trigger' retrieved from /home/airflow/.local/lib/python3.8/site-packages/airflow/example_dags/example_latest_only_with_trigger.py
[2024-04-02T22:22:24.447+0000] {logging_mixin.py:188} INFO - [2024-04-02T22:22:24.446+0000] {dag.py:3047} INFO - Sync 1 DAGs
[2024-04-02T22:22:24.460+0000] {logging_mixin.py:188} INFO - [2024-04-02T22:22:24.460+0000] {dag.py:3834} INFO - Setting next_dagrun for latest_only_with_trigger to 2024-04-02 16:00:00+00:00, run_after=2024-04-02 20:00:00+00:00
[2024-04-02T22:22:24.470+0000] {processor.py:183} INFO - Processing /home/airflow/.local/lib/python3.8/site-packages/airflow/example_dags/example_latest_only_with_trigger.py took 0.042 seconds
