[2024-04-02T22:20:53.042+0000] {processor.py:161} INFO - Started process (PID=52) to work on /home/airflow/.local/lib/python3.8/site-packages/airflow/example_dags/example_trigger_target_dag.py
[2024-04-02T22:20:53.043+0000] {processor.py:830} INFO - Processing file /home/airflow/.local/lib/python3.8/site-packages/airflow/example_dags/example_trigger_target_dag.py for tasks to queue
[2024-04-02T22:20:53.044+0000] {logging_mixin.py:188} INFO - [2024-04-02T22:20:53.044+0000] {dagbag.py:540} INFO - Filling up the DagBag from /home/airflow/.local/lib/python3.8/site-packages/airflow/example_dags/example_trigger_target_dag.py
[2024-04-02T22:20:53.052+0000] {processor.py:840} INFO - DAG(s) 'example_trigger_target_dag' retrieved from /home/airflow/.local/lib/python3.8/site-packages/airflow/example_dags/example_trigger_target_dag.py
[2024-04-02T22:20:53.064+0000] {logging_mixin.py:188} INFO - [2024-04-02T22:20:53.064+0000] {dag.py:3047} INFO - Sync 1 DAGs
[2024-04-02T22:20:53.075+0000] {logging_mixin.py:188} INFO - [2024-04-02T22:20:53.074+0000] {dag.py:3834} INFO - Setting next_dagrun for example_trigger_target_dag to None, run_after=None
[2024-04-02T22:20:53.092+0000] {processor.py:183} INFO - Processing /home/airflow/.local/lib/python3.8/site-packages/airflow/example_dags/example_trigger_target_dag.py took 0.053 seconds
[2024-04-02T22:21:23.753+0000] {processor.py:161} INFO - Started process (PID=107) to work on /home/airflow/.local/lib/python3.8/site-packages/airflow/example_dags/example_trigger_target_dag.py
[2024-04-02T22:21:23.753+0000] {processor.py:830} INFO - Processing file /home/airflow/.local/lib/python3.8/site-packages/airflow/example_dags/example_trigger_target_dag.py for tasks to queue
[2024-04-02T22:21:23.754+0000] {logging_mixin.py:188} INFO - [2024-04-02T22:21:23.754+0000] {dagbag.py:540} INFO - Filling up the DagBag from /home/airflow/.local/lib/python3.8/site-packages/airflow/example_dags/example_trigger_target_dag.py
[2024-04-02T22:21:23.758+0000] {processor.py:840} INFO - DAG(s) 'example_trigger_target_dag' retrieved from /home/airflow/.local/lib/python3.8/site-packages/airflow/example_dags/example_trigger_target_dag.py
[2024-04-02T22:21:23.836+0000] {logging_mixin.py:188} INFO - [2024-04-02T22:21:23.836+0000] {dag.py:3047} INFO - Sync 1 DAGs
[2024-04-02T22:21:23.846+0000] {logging_mixin.py:188} INFO - [2024-04-02T22:21:23.845+0000] {dag.py:3834} INFO - Setting next_dagrun for example_trigger_target_dag to None, run_after=None
[2024-04-02T22:21:23.890+0000] {processor.py:183} INFO - Processing /home/airflow/.local/lib/python3.8/site-packages/airflow/example_dags/example_trigger_target_dag.py took 0.139 seconds
[2024-04-02T22:21:53.912+0000] {processor.py:161} INFO - Started process (PID=162) to work on /home/airflow/.local/lib/python3.8/site-packages/airflow/example_dags/example_trigger_target_dag.py
[2024-04-02T22:21:53.913+0000] {processor.py:830} INFO - Processing file /home/airflow/.local/lib/python3.8/site-packages/airflow/example_dags/example_trigger_target_dag.py for tasks to queue
[2024-04-02T22:21:53.914+0000] {logging_mixin.py:188} INFO - [2024-04-02T22:21:53.913+0000] {dagbag.py:540} INFO - Filling up the DagBag from /home/airflow/.local/lib/python3.8/site-packages/airflow/example_dags/example_trigger_target_dag.py
[2024-04-02T22:21:53.916+0000] {processor.py:840} INFO - DAG(s) 'example_trigger_target_dag' retrieved from /home/airflow/.local/lib/python3.8/site-packages/airflow/example_dags/example_trigger_target_dag.py
[2024-04-02T22:21:53.930+0000] {logging_mixin.py:188} INFO - [2024-04-02T22:21:53.930+0000] {dag.py:3047} INFO - Sync 1 DAGs
[2024-04-02T22:21:53.937+0000] {logging_mixin.py:188} INFO - [2024-04-02T22:21:53.937+0000] {dag.py:3834} INFO - Setting next_dagrun for example_trigger_target_dag to None, run_after=None
[2024-04-02T22:21:53.949+0000] {processor.py:183} INFO - Processing /home/airflow/.local/lib/python3.8/site-packages/airflow/example_dags/example_trigger_target_dag.py took 0.038 seconds
[2024-04-02T22:22:24.697+0000] {processor.py:161} INFO - Started process (PID=217) to work on /home/airflow/.local/lib/python3.8/site-packages/airflow/example_dags/example_trigger_target_dag.py
[2024-04-02T22:22:24.697+0000] {processor.py:830} INFO - Processing file /home/airflow/.local/lib/python3.8/site-packages/airflow/example_dags/example_trigger_target_dag.py for tasks to queue
[2024-04-02T22:22:24.698+0000] {logging_mixin.py:188} INFO - [2024-04-02T22:22:24.698+0000] {dagbag.py:540} INFO - Filling up the DagBag from /home/airflow/.local/lib/python3.8/site-packages/airflow/example_dags/example_trigger_target_dag.py
[2024-04-02T22:22:24.702+0000] {processor.py:840} INFO - DAG(s) 'example_trigger_target_dag' retrieved from /home/airflow/.local/lib/python3.8/site-packages/airflow/example_dags/example_trigger_target_dag.py
[2024-04-02T22:22:24.714+0000] {logging_mixin.py:188} INFO - [2024-04-02T22:22:24.714+0000] {dag.py:3047} INFO - Sync 1 DAGs
[2024-04-02T22:22:24.722+0000] {logging_mixin.py:188} INFO - [2024-04-02T22:22:24.722+0000] {dag.py:3834} INFO - Setting next_dagrun for example_trigger_target_dag to None, run_after=None
[2024-04-02T22:22:24.734+0000] {processor.py:183} INFO - Processing /home/airflow/.local/lib/python3.8/site-packages/airflow/example_dags/example_trigger_target_dag.py took 0.039 seconds
