[2024-04-02T22:20:53.805+0000] {processor.py:161} INFO - Started process (PID=69) to work on /home/airflow/.local/lib/python3.8/site-packages/airflow/example_dags/example_xcom.py
[2024-04-02T22:20:53.806+0000] {processor.py:830} INFO - Processing file /home/airflow/.local/lib/python3.8/site-packages/airflow/example_dags/example_xcom.py for tasks to queue
[2024-04-02T22:20:53.807+0000] {logging_mixin.py:188} INFO - [2024-04-02T22:20:53.806+0000] {dagbag.py:540} INFO - Filling up the DagBag from /home/airflow/.local/lib/python3.8/site-packages/airflow/example_dags/example_xcom.py
[2024-04-02T22:20:53.812+0000] {processor.py:840} INFO - DAG(s) 'example_xcom' retrieved from /home/airflow/.local/lib/python3.8/site-packages/airflow/example_dags/example_xcom.py
[2024-04-02T22:20:53.821+0000] {logging_mixin.py:188} INFO - [2024-04-02T22:20:53.821+0000] {dag.py:3047} INFO - Sync 1 DAGs
[2024-04-02T22:20:53.840+0000] {logging_mixin.py:188} INFO - [2024-04-02T22:20:53.840+0000] {dag.py:3834} INFO - Setting next_dagrun for example_xcom to 2021-01-01 00:00:00+00:00, run_after=2021-01-01 00:00:00+00:00
[2024-04-02T22:20:53.886+0000] {processor.py:183} INFO - Processing /home/airflow/.local/lib/python3.8/site-packages/airflow/example_dags/example_xcom.py took 0.082 seconds
[2024-04-02T22:21:25.073+0000] {processor.py:161} INFO - Started process (PID=124) to work on /home/airflow/.local/lib/python3.8/site-packages/airflow/example_dags/example_xcom.py
[2024-04-02T22:21:25.073+0000] {processor.py:830} INFO - Processing file /home/airflow/.local/lib/python3.8/site-packages/airflow/example_dags/example_xcom.py for tasks to queue
[2024-04-02T22:21:25.074+0000] {logging_mixin.py:188} INFO - [2024-04-02T22:21:25.074+0000] {dagbag.py:540} INFO - Filling up the DagBag from /home/airflow/.local/lib/python3.8/site-packages/airflow/example_dags/example_xcom.py
[2024-04-02T22:21:25.079+0000] {processor.py:840} INFO - DAG(s) 'example_xcom' retrieved from /home/airflow/.local/lib/python3.8/site-packages/airflow/example_dags/example_xcom.py
[2024-04-02T22:21:25.139+0000] {logging_mixin.py:188} INFO - [2024-04-02T22:21:25.139+0000] {dag.py:3047} INFO - Sync 1 DAGs
[2024-04-02T22:21:25.154+0000] {logging_mixin.py:188} INFO - [2024-04-02T22:21:25.154+0000] {dag.py:3834} INFO - Setting next_dagrun for example_xcom to 2021-01-01 00:00:00+00:00, run_after=2021-01-01 00:00:00+00:00
[2024-04-02T22:21:25.171+0000] {processor.py:183} INFO - Processing /home/airflow/.local/lib/python3.8/site-packages/airflow/example_dags/example_xcom.py took 0.101 seconds
[2024-04-02T22:21:55.497+0000] {processor.py:161} INFO - Started process (PID=179) to work on /home/airflow/.local/lib/python3.8/site-packages/airflow/example_dags/example_xcom.py
[2024-04-02T22:21:55.498+0000] {processor.py:830} INFO - Processing file /home/airflow/.local/lib/python3.8/site-packages/airflow/example_dags/example_xcom.py for tasks to queue
[2024-04-02T22:21:55.498+0000] {logging_mixin.py:188} INFO - [2024-04-02T22:21:55.498+0000] {dagbag.py:540} INFO - Filling up the DagBag from /home/airflow/.local/lib/python3.8/site-packages/airflow/example_dags/example_xcom.py
[2024-04-02T22:21:55.502+0000] {processor.py:840} INFO - DAG(s) 'example_xcom' retrieved from /home/airflow/.local/lib/python3.8/site-packages/airflow/example_dags/example_xcom.py
[2024-04-02T22:21:55.515+0000] {logging_mixin.py:188} INFO - [2024-04-02T22:21:55.514+0000] {dag.py:3047} INFO - Sync 1 DAGs
[2024-04-02T22:21:55.528+0000] {logging_mixin.py:188} INFO - [2024-04-02T22:21:55.528+0000] {dag.py:3834} INFO - Setting next_dagrun for example_xcom to 2021-01-01 00:00:00+00:00, run_after=2021-01-01 00:00:00+00:00
[2024-04-02T22:21:55.540+0000] {processor.py:183} INFO - Processing /home/airflow/.local/lib/python3.8/site-packages/airflow/example_dags/example_xcom.py took 0.044 seconds
[2024-04-02T22:22:26.266+0000] {processor.py:161} INFO - Started process (PID=234) to work on /home/airflow/.local/lib/python3.8/site-packages/airflow/example_dags/example_xcom.py
[2024-04-02T22:22:26.266+0000] {processor.py:830} INFO - Processing file /home/airflow/.local/lib/python3.8/site-packages/airflow/example_dags/example_xcom.py for tasks to queue
[2024-04-02T22:22:26.267+0000] {logging_mixin.py:188} INFO - [2024-04-02T22:22:26.267+0000] {dagbag.py:540} INFO - Filling up the DagBag from /home/airflow/.local/lib/python3.8/site-packages/airflow/example_dags/example_xcom.py
[2024-04-02T22:22:26.271+0000] {processor.py:840} INFO - DAG(s) 'example_xcom' retrieved from /home/airflow/.local/lib/python3.8/site-packages/airflow/example_dags/example_xcom.py
[2024-04-02T22:22:26.287+0000] {logging_mixin.py:188} INFO - [2024-04-02T22:22:26.287+0000] {dag.py:3047} INFO - Sync 1 DAGs
[2024-04-02T22:22:26.300+0000] {logging_mixin.py:188} INFO - [2024-04-02T22:22:26.300+0000] {dag.py:3834} INFO - Setting next_dagrun for example_xcom to 2021-01-01 00:00:00+00:00, run_after=2021-01-01 00:00:00+00:00
[2024-04-02T22:22:26.315+0000] {processor.py:183} INFO - Processing /home/airflow/.local/lib/python3.8/site-packages/airflow/example_dags/example_xcom.py took 0.050 seconds
