[2024-04-02T22:20:53.625+0000] {processor.py:161} INFO - Started process (PID=64) to work on /home/airflow/.local/lib/python3.8/site-packages/airflow/example_dags/example_short_circuit_operator.py
[2024-04-02T22:20:53.626+0000] {processor.py:830} INFO - Processing file /home/airflow/.local/lib/python3.8/site-packages/airflow/example_dags/example_short_circuit_operator.py for tasks to queue
[2024-04-02T22:20:53.626+0000] {logging_mixin.py:188} INFO - [2024-04-02T22:20:53.626+0000] {dagbag.py:540} INFO - Filling up the DagBag from /home/airflow/.local/lib/python3.8/site-packages/airflow/example_dags/example_short_circuit_operator.py
[2024-04-02T22:20:53.633+0000] {processor.py:840} INFO - DAG(s) 'example_short_circuit_operator' retrieved from /home/airflow/.local/lib/python3.8/site-packages/airflow/example_dags/example_short_circuit_operator.py
[2024-04-02T22:20:53.640+0000] {logging_mixin.py:188} INFO - [2024-04-02T22:20:53.640+0000] {dag.py:3047} INFO - Sync 1 DAGs
[2024-04-02T22:20:53.652+0000] {logging_mixin.py:188} INFO - [2024-04-02T22:20:53.652+0000] {dag.py:3834} INFO - Setting next_dagrun for example_short_circuit_operator to 2024-04-01 00:00:00+00:00, run_after=2024-04-02 00:00:00+00:00
[2024-04-02T22:20:53.662+0000] {processor.py:183} INFO - Processing /home/airflow/.local/lib/python3.8/site-packages/airflow/example_dags/example_short_circuit_operator.py took 0.039 seconds
[2024-04-02T22:21:24.743+0000] {processor.py:161} INFO - Started process (PID=119) to work on /home/airflow/.local/lib/python3.8/site-packages/airflow/example_dags/example_short_circuit_operator.py
[2024-04-02T22:21:24.743+0000] {processor.py:830} INFO - Processing file /home/airflow/.local/lib/python3.8/site-packages/airflow/example_dags/example_short_circuit_operator.py for tasks to queue
[2024-04-02T22:21:24.744+0000] {logging_mixin.py:188} INFO - [2024-04-02T22:21:24.744+0000] {dagbag.py:540} INFO - Filling up the DagBag from /home/airflow/.local/lib/python3.8/site-packages/airflow/example_dags/example_short_circuit_operator.py
[2024-04-02T22:21:24.748+0000] {processor.py:840} INFO - DAG(s) 'example_short_circuit_operator' retrieved from /home/airflow/.local/lib/python3.8/site-packages/airflow/example_dags/example_short_circuit_operator.py
[2024-04-02T22:21:24.808+0000] {logging_mixin.py:188} INFO - [2024-04-02T22:21:24.808+0000] {dag.py:3047} INFO - Sync 1 DAGs
[2024-04-02T22:21:24.820+0000] {logging_mixin.py:188} INFO - [2024-04-02T22:21:24.819+0000] {dag.py:3834} INFO - Setting next_dagrun for example_short_circuit_operator to 2024-04-01 00:00:00+00:00, run_after=2024-04-02 00:00:00+00:00
[2024-04-02T22:21:24.839+0000] {processor.py:183} INFO - Processing /home/airflow/.local/lib/python3.8/site-packages/airflow/example_dags/example_short_circuit_operator.py took 0.099 seconds
[2024-04-02T22:21:55.361+0000] {processor.py:161} INFO - Started process (PID=174) to work on /home/airflow/.local/lib/python3.8/site-packages/airflow/example_dags/example_short_circuit_operator.py
[2024-04-02T22:21:55.361+0000] {processor.py:830} INFO - Processing file /home/airflow/.local/lib/python3.8/site-packages/airflow/example_dags/example_short_circuit_operator.py for tasks to queue
[2024-04-02T22:21:55.362+0000] {logging_mixin.py:188} INFO - [2024-04-02T22:21:55.362+0000] {dagbag.py:540} INFO - Filling up the DagBag from /home/airflow/.local/lib/python3.8/site-packages/airflow/example_dags/example_short_circuit_operator.py
[2024-04-02T22:21:55.366+0000] {processor.py:840} INFO - DAG(s) 'example_short_circuit_operator' retrieved from /home/airflow/.local/lib/python3.8/site-packages/airflow/example_dags/example_short_circuit_operator.py
[2024-04-02T22:21:55.379+0000] {logging_mixin.py:188} INFO - [2024-04-02T22:21:55.379+0000] {dag.py:3047} INFO - Sync 1 DAGs
[2024-04-02T22:21:55.394+0000] {logging_mixin.py:188} INFO - [2024-04-02T22:21:55.394+0000] {dag.py:3834} INFO - Setting next_dagrun for example_short_circuit_operator to 2024-04-01 00:00:00+00:00, run_after=2024-04-02 00:00:00+00:00
[2024-04-02T22:21:55.407+0000] {processor.py:183} INFO - Processing /home/airflow/.local/lib/python3.8/site-packages/airflow/example_dags/example_short_circuit_operator.py took 0.048 seconds
[2024-04-02T22:22:26.122+0000] {processor.py:161} INFO - Started process (PID=229) to work on /home/airflow/.local/lib/python3.8/site-packages/airflow/example_dags/example_short_circuit_operator.py
[2024-04-02T22:22:26.123+0000] {processor.py:830} INFO - Processing file /home/airflow/.local/lib/python3.8/site-packages/airflow/example_dags/example_short_circuit_operator.py for tasks to queue
[2024-04-02T22:22:26.124+0000] {logging_mixin.py:188} INFO - [2024-04-02T22:22:26.124+0000] {dagbag.py:540} INFO - Filling up the DagBag from /home/airflow/.local/lib/python3.8/site-packages/airflow/example_dags/example_short_circuit_operator.py
[2024-04-02T22:22:26.128+0000] {processor.py:840} INFO - DAG(s) 'example_short_circuit_operator' retrieved from /home/airflow/.local/lib/python3.8/site-packages/airflow/example_dags/example_short_circuit_operator.py
[2024-04-02T22:22:26.141+0000] {logging_mixin.py:188} INFO - [2024-04-02T22:22:26.141+0000] {dag.py:3047} INFO - Sync 1 DAGs
[2024-04-02T22:22:26.153+0000] {logging_mixin.py:188} INFO - [2024-04-02T22:22:26.153+0000] {dag.py:3834} INFO - Setting next_dagrun for example_short_circuit_operator to 2024-04-01 00:00:00+00:00, run_after=2024-04-02 00:00:00+00:00
[2024-04-02T22:22:26.164+0000] {processor.py:183} INFO - Processing /home/airflow/.local/lib/python3.8/site-packages/airflow/example_dags/example_short_circuit_operator.py took 0.044 seconds
