[2024-04-02T22:20:54.111+0000] {processor.py:161} INFO - Started process (PID=75) to work on /home/airflow/.local/lib/python3.8/site-packages/airflow/example_dags/example_branch_labels.py
[2024-04-02T22:20:54.111+0000] {processor.py:830} INFO - Processing file /home/airflow/.local/lib/python3.8/site-packages/airflow/example_dags/example_branch_labels.py for tasks to queue
[2024-04-02T22:20:54.112+0000] {logging_mixin.py:188} INFO - [2024-04-02T22:20:54.112+0000] {dagbag.py:540} INFO - Filling up the DagBag from /home/airflow/.local/lib/python3.8/site-packages/airflow/example_dags/example_branch_labels.py
[2024-04-02T22:20:54.118+0000] {processor.py:840} INFO - DAG(s) 'example_branch_labels' retrieved from /home/airflow/.local/lib/python3.8/site-packages/airflow/example_dags/example_branch_labels.py
[2024-04-02T22:20:54.127+0000] {logging_mixin.py:188} INFO - [2024-04-02T22:20:54.127+0000] {dag.py:3047} INFO - Sync 1 DAGs
[2024-04-02T22:20:54.151+0000] {logging_mixin.py:188} INFO - [2024-04-02T22:20:54.151+0000] {dag.py:3834} INFO - Setting next_dagrun for example_branch_labels to 2024-04-01 00:00:00+00:00, run_after=2024-04-02 00:00:00+00:00
[2024-04-02T22:20:54.168+0000] {processor.py:183} INFO - Processing /home/airflow/.local/lib/python3.8/site-packages/airflow/example_dags/example_branch_labels.py took 0.060 seconds
[2024-04-02T22:21:25.535+0000] {processor.py:161} INFO - Started process (PID=130) to work on /home/airflow/.local/lib/python3.8/site-packages/airflow/example_dags/example_branch_labels.py
[2024-04-02T22:21:25.535+0000] {processor.py:830} INFO - Processing file /home/airflow/.local/lib/python3.8/site-packages/airflow/example_dags/example_branch_labels.py for tasks to queue
[2024-04-02T22:21:25.536+0000] {logging_mixin.py:188} INFO - [2024-04-02T22:21:25.536+0000] {dagbag.py:540} INFO - Filling up the DagBag from /home/airflow/.local/lib/python3.8/site-packages/airflow/example_dags/example_branch_labels.py
[2024-04-02T22:21:25.540+0000] {processor.py:840} INFO - DAG(s) 'example_branch_labels' retrieved from /home/airflow/.local/lib/python3.8/site-packages/airflow/example_dags/example_branch_labels.py
[2024-04-02T22:21:25.599+0000] {logging_mixin.py:188} INFO - [2024-04-02T22:21:25.599+0000] {dag.py:3047} INFO - Sync 1 DAGs
[2024-04-02T22:21:25.609+0000] {logging_mixin.py:188} INFO - [2024-04-02T22:21:25.609+0000] {dag.py:3834} INFO - Setting next_dagrun for example_branch_labels to 2024-04-01 00:00:00+00:00, run_after=2024-04-02 00:00:00+00:00
[2024-04-02T22:21:25.620+0000] {processor.py:183} INFO - Processing /home/airflow/.local/lib/python3.8/site-packages/airflow/example_dags/example_branch_labels.py took 0.087 seconds
[2024-04-02T22:21:55.673+0000] {processor.py:161} INFO - Started process (PID=185) to work on /home/airflow/.local/lib/python3.8/site-packages/airflow/example_dags/example_branch_labels.py
[2024-04-02T22:21:55.673+0000] {processor.py:830} INFO - Processing file /home/airflow/.local/lib/python3.8/site-packages/airflow/example_dags/example_branch_labels.py for tasks to queue
[2024-04-02T22:21:55.674+0000] {logging_mixin.py:188} INFO - [2024-04-02T22:21:55.674+0000] {dagbag.py:540} INFO - Filling up the DagBag from /home/airflow/.local/lib/python3.8/site-packages/airflow/example_dags/example_branch_labels.py
[2024-04-02T22:21:55.678+0000] {processor.py:840} INFO - DAG(s) 'example_branch_labels' retrieved from /home/airflow/.local/lib/python3.8/site-packages/airflow/example_dags/example_branch_labels.py
[2024-04-02T22:21:55.694+0000] {logging_mixin.py:188} INFO - [2024-04-02T22:21:55.694+0000] {dag.py:3047} INFO - Sync 1 DAGs
[2024-04-02T22:21:55.706+0000] {logging_mixin.py:188} INFO - [2024-04-02T22:21:55.706+0000] {dag.py:3834} INFO - Setting next_dagrun for example_branch_labels to 2024-04-01 00:00:00+00:00, run_after=2024-04-02 00:00:00+00:00
[2024-04-02T22:21:55.716+0000] {processor.py:183} INFO - Processing /home/airflow/.local/lib/python3.8/site-packages/airflow/example_dags/example_branch_labels.py took 0.045 seconds
[2024-04-02T22:22:26.437+0000] {processor.py:161} INFO - Started process (PID=240) to work on /home/airflow/.local/lib/python3.8/site-packages/airflow/example_dags/example_branch_labels.py
[2024-04-02T22:22:26.438+0000] {processor.py:830} INFO - Processing file /home/airflow/.local/lib/python3.8/site-packages/airflow/example_dags/example_branch_labels.py for tasks to queue
[2024-04-02T22:22:26.438+0000] {logging_mixin.py:188} INFO - [2024-04-02T22:22:26.438+0000] {dagbag.py:540} INFO - Filling up the DagBag from /home/airflow/.local/lib/python3.8/site-packages/airflow/example_dags/example_branch_labels.py
[2024-04-02T22:22:26.443+0000] {processor.py:840} INFO - DAG(s) 'example_branch_labels' retrieved from /home/airflow/.local/lib/python3.8/site-packages/airflow/example_dags/example_branch_labels.py
[2024-04-02T22:22:26.454+0000] {logging_mixin.py:188} INFO - [2024-04-02T22:22:26.454+0000] {dag.py:3047} INFO - Sync 1 DAGs
[2024-04-02T22:22:26.466+0000] {logging_mixin.py:188} INFO - [2024-04-02T22:22:26.466+0000] {dag.py:3834} INFO - Setting next_dagrun for example_branch_labels to 2024-04-01 00:00:00+00:00, run_after=2024-04-02 00:00:00+00:00
[2024-04-02T22:22:26.476+0000] {processor.py:183} INFO - Processing /home/airflow/.local/lib/python3.8/site-packages/airflow/example_dags/example_branch_labels.py took 0.040 seconds
