[2024-04-02T22:20:54.197+0000] {processor.py:161} INFO - Started process (PID=78) to work on /home/airflow/.local/lib/python3.8/site-packages/airflow/example_dags/example_task_group.py
[2024-04-02T22:20:54.198+0000] {processor.py:830} INFO - Processing file /home/airflow/.local/lib/python3.8/site-packages/airflow/example_dags/example_task_group.py for tasks to queue
[2024-04-02T22:20:54.199+0000] {logging_mixin.py:188} INFO - [2024-04-02T22:20:54.198+0000] {dagbag.py:540} INFO - Filling up the DagBag from /home/airflow/.local/lib/python3.8/site-packages/airflow/example_dags/example_task_group.py
[2024-04-02T22:20:54.205+0000] {processor.py:840} INFO - DAG(s) 'example_task_group' retrieved from /home/airflow/.local/lib/python3.8/site-packages/airflow/example_dags/example_task_group.py
[2024-04-02T22:20:54.212+0000] {logging_mixin.py:188} INFO - [2024-04-02T22:20:54.212+0000] {dag.py:3047} INFO - Sync 1 DAGs
[2024-04-02T22:20:54.225+0000] {logging_mixin.py:188} INFO - [2024-04-02T22:20:54.225+0000] {dag.py:3834} INFO - Setting next_dagrun for example_task_group to 2024-04-01 00:00:00+00:00, run_after=2024-04-02 00:00:00+00:00
[2024-04-02T22:20:54.236+0000] {processor.py:183} INFO - Processing /home/airflow/.local/lib/python3.8/site-packages/airflow/example_dags/example_task_group.py took 0.041 seconds
[2024-04-02T22:21:25.769+0000] {processor.py:161} INFO - Started process (PID=133) to work on /home/airflow/.local/lib/python3.8/site-packages/airflow/example_dags/example_task_group.py
[2024-04-02T22:21:25.770+0000] {processor.py:830} INFO - Processing file /home/airflow/.local/lib/python3.8/site-packages/airflow/example_dags/example_task_group.py for tasks to queue
[2024-04-02T22:21:25.770+0000] {logging_mixin.py:188} INFO - [2024-04-02T22:21:25.770+0000] {dagbag.py:540} INFO - Filling up the DagBag from /home/airflow/.local/lib/python3.8/site-packages/airflow/example_dags/example_task_group.py
[2024-04-02T22:21:25.774+0000] {processor.py:840} INFO - DAG(s) 'example_task_group' retrieved from /home/airflow/.local/lib/python3.8/site-packages/airflow/example_dags/example_task_group.py
[2024-04-02T22:21:25.825+0000] {logging_mixin.py:188} INFO - [2024-04-02T22:21:25.825+0000] {dag.py:3047} INFO - Sync 1 DAGs
[2024-04-02T22:21:25.835+0000] {logging_mixin.py:188} INFO - [2024-04-02T22:21:25.835+0000] {dag.py:3834} INFO - Setting next_dagrun for example_task_group to 2024-04-01 00:00:00+00:00, run_after=2024-04-02 00:00:00+00:00
[2024-04-02T22:21:25.846+0000] {processor.py:183} INFO - Processing /home/airflow/.local/lib/python3.8/site-packages/airflow/example_dags/example_task_group.py took 0.078 seconds
[2024-04-02T22:21:56.796+0000] {processor.py:161} INFO - Started process (PID=188) to work on /home/airflow/.local/lib/python3.8/site-packages/airflow/example_dags/example_task_group.py
[2024-04-02T22:21:56.796+0000] {processor.py:830} INFO - Processing file /home/airflow/.local/lib/python3.8/site-packages/airflow/example_dags/example_task_group.py for tasks to queue
[2024-04-02T22:21:56.797+0000] {logging_mixin.py:188} INFO - [2024-04-02T22:21:56.797+0000] {dagbag.py:540} INFO - Filling up the DagBag from /home/airflow/.local/lib/python3.8/site-packages/airflow/example_dags/example_task_group.py
[2024-04-02T22:21:56.800+0000] {processor.py:840} INFO - DAG(s) 'example_task_group' retrieved from /home/airflow/.local/lib/python3.8/site-packages/airflow/example_dags/example_task_group.py
[2024-04-02T22:21:56.812+0000] {logging_mixin.py:188} INFO - [2024-04-02T22:21:56.812+0000] {dag.py:3047} INFO - Sync 1 DAGs
[2024-04-02T22:21:56.822+0000] {logging_mixin.py:188} INFO - [2024-04-02T22:21:56.822+0000] {dag.py:3834} INFO - Setting next_dagrun for example_task_group to 2024-04-01 00:00:00+00:00, run_after=2024-04-02 00:00:00+00:00
[2024-04-02T22:21:56.831+0000] {processor.py:183} INFO - Processing /home/airflow/.local/lib/python3.8/site-packages/airflow/example_dags/example_task_group.py took 0.037 seconds
[2024-04-02T22:22:27.559+0000] {processor.py:161} INFO - Started process (PID=243) to work on /home/airflow/.local/lib/python3.8/site-packages/airflow/example_dags/example_task_group.py
[2024-04-02T22:22:27.560+0000] {processor.py:830} INFO - Processing file /home/airflow/.local/lib/python3.8/site-packages/airflow/example_dags/example_task_group.py for tasks to queue
[2024-04-02T22:22:27.561+0000] {logging_mixin.py:188} INFO - [2024-04-02T22:22:27.561+0000] {dagbag.py:540} INFO - Filling up the DagBag from /home/airflow/.local/lib/python3.8/site-packages/airflow/example_dags/example_task_group.py
[2024-04-02T22:22:27.565+0000] {processor.py:840} INFO - DAG(s) 'example_task_group' retrieved from /home/airflow/.local/lib/python3.8/site-packages/airflow/example_dags/example_task_group.py
[2024-04-02T22:22:27.581+0000] {logging_mixin.py:188} INFO - [2024-04-02T22:22:27.581+0000] {dag.py:3047} INFO - Sync 1 DAGs
[2024-04-02T22:22:27.595+0000] {logging_mixin.py:188} INFO - [2024-04-02T22:22:27.595+0000] {dag.py:3834} INFO - Setting next_dagrun for example_task_group to 2024-04-01 00:00:00+00:00, run_after=2024-04-02 00:00:00+00:00
[2024-04-02T22:22:27.608+0000] {processor.py:183} INFO - Processing /home/airflow/.local/lib/python3.8/site-packages/airflow/example_dags/example_task_group.py took 0.051 seconds
