[2024-04-02T22:20:53.185+0000] {processor.py:161} INFO - Started process (PID=56) to work on /home/airflow/.local/lib/python3.8/site-packages/airflow/example_dags/example_datasets.py
[2024-04-02T22:20:53.185+0000] {processor.py:830} INFO - Processing file /home/airflow/.local/lib/python3.8/site-packages/airflow/example_dags/example_datasets.py for tasks to queue
[2024-04-02T22:20:53.187+0000] {logging_mixin.py:188} INFO - [2024-04-02T22:20:53.186+0000] {dagbag.py:540} INFO - Filling up the DagBag from /home/airflow/.local/lib/python3.8/site-packages/airflow/example_dags/example_datasets.py
[2024-04-02T22:20:53.198+0000] {processor.py:840} INFO - DAG(s) 'dataset_produces_2', 'dataset_consumes_1', 'dataset_produces_1', 'dataset_consumes_1_and_2', 'dataset_consumes_1_never_scheduled', 'dataset_consumes_unknown_never_scheduled' retrieved from /home/airflow/.local/lib/python3.8/site-packages/airflow/example_dags/example_datasets.py
[2024-04-02T22:20:53.212+0000] {logging_mixin.py:188} INFO - [2024-04-02T22:20:53.212+0000] {dag.py:3047} INFO - Sync 6 DAGs
[2024-04-02T22:20:53.234+0000] {logging_mixin.py:188} INFO - [2024-04-02T22:20:53.234+0000] {dag.py:3834} INFO - Setting next_dagrun for dataset_consumes_1 to None, run_after=None
[2024-04-02T22:20:53.238+0000] {logging_mixin.py:188} INFO - [2024-04-02T22:20:53.237+0000] {dag.py:3834} INFO - Setting next_dagrun for dataset_consumes_1_and_2 to None, run_after=None
[2024-04-02T22:20:53.239+0000] {logging_mixin.py:188} INFO - [2024-04-02T22:20:53.239+0000] {dag.py:3834} INFO - Setting next_dagrun for dataset_consumes_1_never_scheduled to None, run_after=None
[2024-04-02T22:20:53.240+0000] {logging_mixin.py:188} INFO - [2024-04-02T22:20:53.240+0000] {dag.py:3834} INFO - Setting next_dagrun for dataset_consumes_unknown_never_scheduled to None, run_after=None
[2024-04-02T22:20:53.243+0000] {logging_mixin.py:188} INFO - [2024-04-02T22:20:53.242+0000] {dag.py:3834} INFO - Setting next_dagrun for dataset_produces_1 to 2024-04-01 00:00:00+00:00, run_after=2024-04-02 00:00:00+00:00
[2024-04-02T22:20:53.244+0000] {logging_mixin.py:188} INFO - [2024-04-02T22:20:53.244+0000] {dag.py:3834} INFO - Setting next_dagrun for dataset_produces_2 to None, run_after=None
[2024-04-02T22:20:53.277+0000] {processor.py:183} INFO - Processing /home/airflow/.local/lib/python3.8/site-packages/airflow/example_dags/example_datasets.py took 0.095 seconds
[2024-04-02T22:21:24.067+0000] {processor.py:161} INFO - Started process (PID=111) to work on /home/airflow/.local/lib/python3.8/site-packages/airflow/example_dags/example_datasets.py
[2024-04-02T22:21:24.068+0000] {processor.py:830} INFO - Processing file /home/airflow/.local/lib/python3.8/site-packages/airflow/example_dags/example_datasets.py for tasks to queue
[2024-04-02T22:21:24.069+0000] {logging_mixin.py:188} INFO - [2024-04-02T22:21:24.069+0000] {dagbag.py:540} INFO - Filling up the DagBag from /home/airflow/.local/lib/python3.8/site-packages/airflow/example_dags/example_datasets.py
[2024-04-02T22:21:24.077+0000] {processor.py:840} INFO - DAG(s) 'dataset_consumes_1', 'dataset_produces_2', 'dataset_consumes_1_never_scheduled', 'dataset_produces_1', 'dataset_consumes_1_and_2', 'dataset_consumes_unknown_never_scheduled' retrieved from /home/airflow/.local/lib/python3.8/site-packages/airflow/example_dags/example_datasets.py
[2024-04-02T22:21:24.186+0000] {logging_mixin.py:188} INFO - [2024-04-02T22:21:24.185+0000] {dag.py:3047} INFO - Sync 6 DAGs
[2024-04-02T22:21:24.198+0000] {logging_mixin.py:188} INFO - [2024-04-02T22:21:24.198+0000] {dag.py:3834} INFO - Setting next_dagrun for dataset_consumes_1 to None, run_after=None
[2024-04-02T22:21:24.200+0000] {logging_mixin.py:188} INFO - [2024-04-02T22:21:24.200+0000] {dag.py:3834} INFO - Setting next_dagrun for dataset_consumes_1_and_2 to None, run_after=None
[2024-04-02T22:21:24.201+0000] {logging_mixin.py:188} INFO - [2024-04-02T22:21:24.201+0000] {dag.py:3834} INFO - Setting next_dagrun for dataset_consumes_1_never_scheduled to None, run_after=None
[2024-04-02T22:21:24.202+0000] {logging_mixin.py:188} INFO - [2024-04-02T22:21:24.202+0000] {dag.py:3834} INFO - Setting next_dagrun for dataset_consumes_unknown_never_scheduled to None, run_after=None
[2024-04-02T22:21:24.203+0000] {logging_mixin.py:188} INFO - [2024-04-02T22:21:24.203+0000] {dag.py:3834} INFO - Setting next_dagrun for dataset_produces_1 to 2024-04-01 00:00:00+00:00, run_after=2024-04-02 00:00:00+00:00
[2024-04-02T22:21:24.204+0000] {logging_mixin.py:188} INFO - [2024-04-02T22:21:24.204+0000] {dag.py:3834} INFO - Setting next_dagrun for dataset_produces_2 to None, run_after=None
[2024-04-02T22:21:24.227+0000] {processor.py:183} INFO - Processing /home/airflow/.local/lib/python3.8/site-packages/airflow/example_dags/example_datasets.py took 0.162 seconds
[2024-04-02T22:21:55.070+0000] {processor.py:161} INFO - Started process (PID=166) to work on /home/airflow/.local/lib/python3.8/site-packages/airflow/example_dags/example_datasets.py
[2024-04-02T22:21:55.070+0000] {processor.py:830} INFO - Processing file /home/airflow/.local/lib/python3.8/site-packages/airflow/example_dags/example_datasets.py for tasks to queue
[2024-04-02T22:21:55.071+0000] {logging_mixin.py:188} INFO - [2024-04-02T22:21:55.071+0000] {dagbag.py:540} INFO - Filling up the DagBag from /home/airflow/.local/lib/python3.8/site-packages/airflow/example_dags/example_datasets.py
[2024-04-02T22:21:55.077+0000] {processor.py:840} INFO - DAG(s) 'dataset_produces_1', 'dataset_consumes_unknown_never_scheduled', 'dataset_consumes_1_never_scheduled', 'dataset_consumes_1', 'dataset_produces_2', 'dataset_consumes_1_and_2' retrieved from /home/airflow/.local/lib/python3.8/site-packages/airflow/example_dags/example_datasets.py
[2024-04-02T22:21:55.099+0000] {logging_mixin.py:188} INFO - [2024-04-02T22:21:55.099+0000] {dag.py:3047} INFO - Sync 6 DAGs
[2024-04-02T22:21:55.112+0000] {logging_mixin.py:188} INFO - [2024-04-02T22:21:55.112+0000] {dag.py:3834} INFO - Setting next_dagrun for dataset_consumes_1 to None, run_after=None
[2024-04-02T22:21:55.114+0000] {logging_mixin.py:188} INFO - [2024-04-02T22:21:55.113+0000] {dag.py:3834} INFO - Setting next_dagrun for dataset_consumes_1_and_2 to None, run_after=None
[2024-04-02T22:21:55.114+0000] {logging_mixin.py:188} INFO - [2024-04-02T22:21:55.114+0000] {dag.py:3834} INFO - Setting next_dagrun for dataset_consumes_1_never_scheduled to None, run_after=None
[2024-04-02T22:21:55.115+0000] {logging_mixin.py:188} INFO - [2024-04-02T22:21:55.115+0000] {dag.py:3834} INFO - Setting next_dagrun for dataset_consumes_unknown_never_scheduled to None, run_after=None
[2024-04-02T22:21:55.117+0000] {logging_mixin.py:188} INFO - [2024-04-02T22:21:55.116+0000] {dag.py:3834} INFO - Setting next_dagrun for dataset_produces_1 to 2024-04-01 00:00:00+00:00, run_after=2024-04-02 00:00:00+00:00
[2024-04-02T22:21:55.117+0000] {logging_mixin.py:188} INFO - [2024-04-02T22:21:55.117+0000] {dag.py:3834} INFO - Setting next_dagrun for dataset_produces_2 to None, run_after=None
[2024-04-02T22:21:55.134+0000] {processor.py:183} INFO - Processing /home/airflow/.local/lib/python3.8/site-packages/airflow/example_dags/example_datasets.py took 0.066 seconds
[2024-04-02T22:22:25.846+0000] {processor.py:161} INFO - Started process (PID=221) to work on /home/airflow/.local/lib/python3.8/site-packages/airflow/example_dags/example_datasets.py
[2024-04-02T22:22:25.846+0000] {processor.py:830} INFO - Processing file /home/airflow/.local/lib/python3.8/site-packages/airflow/example_dags/example_datasets.py for tasks to queue
[2024-04-02T22:22:25.847+0000] {logging_mixin.py:188} INFO - [2024-04-02T22:22:25.847+0000] {dagbag.py:540} INFO - Filling up the DagBag from /home/airflow/.local/lib/python3.8/site-packages/airflow/example_dags/example_datasets.py
[2024-04-02T22:22:25.852+0000] {processor.py:840} INFO - DAG(s) 'dataset_produces_1', 'dataset_consumes_1_and_2', 'dataset_consumes_1_never_scheduled', 'dataset_consumes_unknown_never_scheduled', 'dataset_consumes_1', 'dataset_produces_2' retrieved from /home/airflow/.local/lib/python3.8/site-packages/airflow/example_dags/example_datasets.py
[2024-04-02T22:22:25.881+0000] {logging_mixin.py:188} INFO - [2024-04-02T22:22:25.881+0000] {dag.py:3047} INFO - Sync 6 DAGs
[2024-04-02T22:22:25.895+0000] {logging_mixin.py:188} INFO - [2024-04-02T22:22:25.895+0000] {dag.py:3834} INFO - Setting next_dagrun for dataset_consumes_1 to None, run_after=None
[2024-04-02T22:22:25.898+0000] {logging_mixin.py:188} INFO - [2024-04-02T22:22:25.898+0000] {dag.py:3834} INFO - Setting next_dagrun for dataset_consumes_1_and_2 to None, run_after=None
[2024-04-02T22:22:25.899+0000] {logging_mixin.py:188} INFO - [2024-04-02T22:22:25.899+0000] {dag.py:3834} INFO - Setting next_dagrun for dataset_consumes_1_never_scheduled to None, run_after=None
[2024-04-02T22:22:25.900+0000] {logging_mixin.py:188} INFO - [2024-04-02T22:22:25.899+0000] {dag.py:3834} INFO - Setting next_dagrun for dataset_consumes_unknown_never_scheduled to None, run_after=None
[2024-04-02T22:22:25.901+0000] {logging_mixin.py:188} INFO - [2024-04-02T22:22:25.901+0000] {dag.py:3834} INFO - Setting next_dagrun for dataset_produces_1 to 2024-04-01 00:00:00+00:00, run_after=2024-04-02 00:00:00+00:00
[2024-04-02T22:22:25.902+0000] {logging_mixin.py:188} INFO - [2024-04-02T22:22:25.902+0000] {dag.py:3834} INFO - Setting next_dagrun for dataset_produces_2 to None, run_after=None
[2024-04-02T22:22:25.922+0000] {processor.py:183} INFO - Processing /home/airflow/.local/lib/python3.8/site-packages/airflow/example_dags/example_datasets.py took 0.078 seconds
