[2024-04-02T22:20:52.844+0000] {processor.py:161} INFO - Started process (PID=48) to work on /home/airflow/.local/lib/python3.8/site-packages/airflow/example_dags/example_skip_dag.py
[2024-04-02T22:20:52.845+0000] {processor.py:830} INFO - Processing file /home/airflow/.local/lib/python3.8/site-packages/airflow/example_dags/example_skip_dag.py for tasks to queue
[2024-04-02T22:20:52.847+0000] {logging_mixin.py:188} INFO - [2024-04-02T22:20:52.846+0000] {dagbag.py:540} INFO - Filling up the DagBag from /home/airflow/.local/lib/python3.8/site-packages/airflow/example_dags/example_skip_dag.py
[2024-04-02T22:20:52.857+0000] {processor.py:840} INFO - DAG(s) 'example_skip_dag' retrieved from /home/airflow/.local/lib/python3.8/site-packages/airflow/example_dags/example_skip_dag.py
[2024-04-02T22:20:52.868+0000] {logging_mixin.py:188} INFO - [2024-04-02T22:20:52.868+0000] {dag.py:3047} INFO - Sync 1 DAGs
[2024-04-02T22:20:52.890+0000] {logging_mixin.py:188} INFO - [2024-04-02T22:20:52.890+0000] {dag.py:3834} INFO - Setting next_dagrun for example_skip_dag to 2024-04-01 00:00:00+00:00, run_after=2024-04-02 00:00:00+00:00
[2024-04-02T22:20:52.920+0000] {processor.py:183} INFO - Processing /home/airflow/.local/lib/python3.8/site-packages/airflow/example_dags/example_skip_dag.py took 0.079 seconds
[2024-04-02T22:21:23.485+0000] {processor.py:161} INFO - Started process (PID=103) to work on /home/airflow/.local/lib/python3.8/site-packages/airflow/example_dags/example_skip_dag.py
[2024-04-02T22:21:23.486+0000] {processor.py:830} INFO - Processing file /home/airflow/.local/lib/python3.8/site-packages/airflow/example_dags/example_skip_dag.py for tasks to queue
[2024-04-02T22:21:23.487+0000] {logging_mixin.py:188} INFO - [2024-04-02T22:21:23.487+0000] {dagbag.py:540} INFO - Filling up the DagBag from /home/airflow/.local/lib/python3.8/site-packages/airflow/example_dags/example_skip_dag.py
[2024-04-02T22:21:23.491+0000] {processor.py:840} INFO - DAG(s) 'example_skip_dag' retrieved from /home/airflow/.local/lib/python3.8/site-packages/airflow/example_dags/example_skip_dag.py
[2024-04-02T22:21:23.563+0000] {logging_mixin.py:188} INFO - [2024-04-02T22:21:23.563+0000] {dag.py:3047} INFO - Sync 1 DAGs
[2024-04-02T22:21:23.576+0000] {logging_mixin.py:188} INFO - [2024-04-02T22:21:23.576+0000] {dag.py:3834} INFO - Setting next_dagrun for example_skip_dag to 2024-04-01 00:00:00+00:00, run_after=2024-04-02 00:00:00+00:00
[2024-04-02T22:21:23.589+0000] {processor.py:183} INFO - Processing /home/airflow/.local/lib/python3.8/site-packages/airflow/example_dags/example_skip_dag.py took 0.105 seconds
[2024-04-02T22:21:53.751+0000] {processor.py:161} INFO - Started process (PID=158) to work on /home/airflow/.local/lib/python3.8/site-packages/airflow/example_dags/example_skip_dag.py
[2024-04-02T22:21:53.751+0000] {processor.py:830} INFO - Processing file /home/airflow/.local/lib/python3.8/site-packages/airflow/example_dags/example_skip_dag.py for tasks to queue
[2024-04-02T22:21:53.752+0000] {logging_mixin.py:188} INFO - [2024-04-02T22:21:53.752+0000] {dagbag.py:540} INFO - Filling up the DagBag from /home/airflow/.local/lib/python3.8/site-packages/airflow/example_dags/example_skip_dag.py
[2024-04-02T22:21:53.755+0000] {processor.py:840} INFO - DAG(s) 'example_skip_dag' retrieved from /home/airflow/.local/lib/python3.8/site-packages/airflow/example_dags/example_skip_dag.py
[2024-04-02T22:21:53.767+0000] {logging_mixin.py:188} INFO - [2024-04-02T22:21:53.767+0000] {dag.py:3047} INFO - Sync 1 DAGs
[2024-04-02T22:21:53.779+0000] {logging_mixin.py:188} INFO - [2024-04-02T22:21:53.779+0000] {dag.py:3834} INFO - Setting next_dagrun for example_skip_dag to 2024-04-01 00:00:00+00:00, run_after=2024-04-02 00:00:00+00:00
[2024-04-02T22:21:53.789+0000] {processor.py:183} INFO - Processing /home/airflow/.local/lib/python3.8/site-packages/airflow/example_dags/example_skip_dag.py took 0.040 seconds
[2024-04-02T22:22:24.584+0000] {processor.py:161} INFO - Started process (PID=213) to work on /home/airflow/.local/lib/python3.8/site-packages/airflow/example_dags/example_skip_dag.py
[2024-04-02T22:22:24.585+0000] {processor.py:830} INFO - Processing file /home/airflow/.local/lib/python3.8/site-packages/airflow/example_dags/example_skip_dag.py for tasks to queue
[2024-04-02T22:22:24.586+0000] {logging_mixin.py:188} INFO - [2024-04-02T22:22:24.585+0000] {dagbag.py:540} INFO - Filling up the DagBag from /home/airflow/.local/lib/python3.8/site-packages/airflow/example_dags/example_skip_dag.py
[2024-04-02T22:22:24.588+0000] {processor.py:840} INFO - DAG(s) 'example_skip_dag' retrieved from /home/airflow/.local/lib/python3.8/site-packages/airflow/example_dags/example_skip_dag.py
[2024-04-02T22:22:24.605+0000] {logging_mixin.py:188} INFO - [2024-04-02T22:22:24.604+0000] {dag.py:3047} INFO - Sync 1 DAGs
[2024-04-02T22:22:24.614+0000] {logging_mixin.py:188} INFO - [2024-04-02T22:22:24.614+0000] {dag.py:3834} INFO - Setting next_dagrun for example_skip_dag to 2024-04-01 00:00:00+00:00, run_after=2024-04-02 00:00:00+00:00
[2024-04-02T22:22:24.622+0000] {processor.py:183} INFO - Processing /home/airflow/.local/lib/python3.8/site-packages/airflow/example_dags/example_skip_dag.py took 0.039 seconds
