[2024-04-02T22:20:52.341+0000] {processor.py:161} INFO - Started process (PID=39) to work on /home/airflow/.local/lib/python3.8/site-packages/airflow/example_dags/example_latest_only.py
[2024-04-02T22:20:52.342+0000] {processor.py:830} INFO - Processing file /home/airflow/.local/lib/python3.8/site-packages/airflow/example_dags/example_latest_only.py for tasks to queue
[2024-04-02T22:20:52.343+0000] {logging_mixin.py:188} INFO - [2024-04-02T22:20:52.343+0000] {dagbag.py:540} INFO - Filling up the DagBag from /home/airflow/.local/lib/python3.8/site-packages/airflow/example_dags/example_latest_only.py
[2024-04-02T22:20:52.354+0000] {processor.py:840} INFO - DAG(s) 'latest_only' retrieved from /home/airflow/.local/lib/python3.8/site-packages/airflow/example_dags/example_latest_only.py
[2024-04-02T22:20:52.378+0000] {logging_mixin.py:188} INFO - [2024-04-02T22:20:52.377+0000] {dag.py:3047} INFO - Sync 1 DAGs
[2024-04-02T22:20:52.398+0000] {logging_mixin.py:188} INFO - [2024-04-02T22:20:52.398+0000] {dag.py:3834} INFO - Setting next_dagrun for latest_only to 2024-04-02 16:00:00+00:00, run_after=2024-04-02 20:00:00+00:00
[2024-04-02T22:20:52.416+0000] {processor.py:183} INFO - Processing /home/airflow/.local/lib/python3.8/site-packages/airflow/example_dags/example_latest_only.py took 0.077 seconds
[2024-04-02T22:21:22.701+0000] {processor.py:161} INFO - Started process (PID=94) to work on /home/airflow/.local/lib/python3.8/site-packages/airflow/example_dags/example_latest_only.py
[2024-04-02T22:21:22.718+0000] {processor.py:830} INFO - Processing file /home/airflow/.local/lib/python3.8/site-packages/airflow/example_dags/example_latest_only.py for tasks to queue
[2024-04-02T22:21:22.719+0000] {logging_mixin.py:188} INFO - [2024-04-02T22:21:22.719+0000] {dagbag.py:540} INFO - Filling up the DagBag from /home/airflow/.local/lib/python3.8/site-packages/airflow/example_dags/example_latest_only.py
[2024-04-02T22:21:22.723+0000] {processor.py:840} INFO - DAG(s) 'latest_only' retrieved from /home/airflow/.local/lib/python3.8/site-packages/airflow/example_dags/example_latest_only.py
[2024-04-02T22:21:22.847+0000] {logging_mixin.py:188} INFO - [2024-04-02T22:21:22.847+0000] {dag.py:3047} INFO - Sync 1 DAGs
[2024-04-02T22:21:22.862+0000] {logging_mixin.py:188} INFO - [2024-04-02T22:21:22.862+0000] {dag.py:3834} INFO - Setting next_dagrun for latest_only to 2024-04-02 16:00:00+00:00, run_after=2024-04-02 20:00:00+00:00
[2024-04-02T22:21:22.877+0000] {processor.py:183} INFO - Processing /home/airflow/.local/lib/python3.8/site-packages/airflow/example_dags/example_latest_only.py took 0.178 seconds
[2024-04-02T22:21:53.455+0000] {processor.py:161} INFO - Started process (PID=149) to work on /home/airflow/.local/lib/python3.8/site-packages/airflow/example_dags/example_latest_only.py
[2024-04-02T22:21:53.456+0000] {processor.py:830} INFO - Processing file /home/airflow/.local/lib/python3.8/site-packages/airflow/example_dags/example_latest_only.py for tasks to queue
[2024-04-02T22:21:53.457+0000] {logging_mixin.py:188} INFO - [2024-04-02T22:21:53.457+0000] {dagbag.py:540} INFO - Filling up the DagBag from /home/airflow/.local/lib/python3.8/site-packages/airflow/example_dags/example_latest_only.py
[2024-04-02T22:21:53.460+0000] {processor.py:840} INFO - DAG(s) 'latest_only' retrieved from /home/airflow/.local/lib/python3.8/site-packages/airflow/example_dags/example_latest_only.py
[2024-04-02T22:21:53.473+0000] {logging_mixin.py:188} INFO - [2024-04-02T22:21:53.473+0000] {dag.py:3047} INFO - Sync 1 DAGs
[2024-04-02T22:21:53.487+0000] {logging_mixin.py:188} INFO - [2024-04-02T22:21:53.487+0000] {dag.py:3834} INFO - Setting next_dagrun for latest_only to 2024-04-02 16:00:00+00:00, run_after=2024-04-02 20:00:00+00:00
[2024-04-02T22:21:53.501+0000] {processor.py:183} INFO - Processing /home/airflow/.local/lib/python3.8/site-packages/airflow/example_dags/example_latest_only.py took 0.049 seconds
[2024-04-02T22:22:24.310+0000] {processor.py:161} INFO - Started process (PID=204) to work on /home/airflow/.local/lib/python3.8/site-packages/airflow/example_dags/example_latest_only.py
[2024-04-02T22:22:24.310+0000] {processor.py:830} INFO - Processing file /home/airflow/.local/lib/python3.8/site-packages/airflow/example_dags/example_latest_only.py for tasks to queue
[2024-04-02T22:22:24.312+0000] {logging_mixin.py:188} INFO - [2024-04-02T22:22:24.311+0000] {dagbag.py:540} INFO - Filling up the DagBag from /home/airflow/.local/lib/python3.8/site-packages/airflow/example_dags/example_latest_only.py
[2024-04-02T22:22:24.315+0000] {processor.py:840} INFO - DAG(s) 'latest_only' retrieved from /home/airflow/.local/lib/python3.8/site-packages/airflow/example_dags/example_latest_only.py
[2024-04-02T22:22:24.326+0000] {logging_mixin.py:188} INFO - [2024-04-02T22:22:24.326+0000] {dag.py:3047} INFO - Sync 1 DAGs
[2024-04-02T22:22:24.338+0000] {logging_mixin.py:188} INFO - [2024-04-02T22:22:24.337+0000] {dag.py:3834} INFO - Setting next_dagrun for latest_only to 2024-04-02 16:00:00+00:00, run_after=2024-04-02 20:00:00+00:00
[2024-04-02T22:22:24.347+0000] {processor.py:183} INFO - Processing /home/airflow/.local/lib/python3.8/site-packages/airflow/example_dags/example_latest_only.py took 0.039 seconds
