[2024-04-02T22:20:53.676+0000] {processor.py:161} INFO - Started process (PID=65) to work on /home/airflow/.local/lib/python3.8/site-packages/airflow/example_dags/tutorial.py
[2024-04-02T22:20:53.676+0000] {processor.py:830} INFO - Processing file /home/airflow/.local/lib/python3.8/site-packages/airflow/example_dags/tutorial.py for tasks to queue
[2024-04-02T22:20:53.678+0000] {logging_mixin.py:188} INFO - [2024-04-02T22:20:53.677+0000] {dagbag.py:540} INFO - Filling up the DagBag from /home/airflow/.local/lib/python3.8/site-packages/airflow/example_dags/tutorial.py
[2024-04-02T22:20:53.686+0000] {processor.py:840} INFO - DAG(s) 'tutorial' retrieved from /home/airflow/.local/lib/python3.8/site-packages/airflow/example_dags/tutorial.py
[2024-04-02T22:20:53.698+0000] {logging_mixin.py:188} INFO - [2024-04-02T22:20:53.697+0000] {dag.py:3047} INFO - Sync 1 DAGs
[2024-04-02T22:20:53.719+0000] {logging_mixin.py:188} INFO - [2024-04-02T22:20:53.718+0000] {dag.py:3834} INFO - Setting next_dagrun for tutorial to 2024-04-01 00:00:00+00:00, run_after=2024-04-02 00:00:00+00:00
[2024-04-02T22:20:53.735+0000] {processor.py:183} INFO - Processing /home/airflow/.local/lib/python3.8/site-packages/airflow/example_dags/tutorial.py took 0.062 seconds
[2024-04-02T22:21:24.852+0000] {processor.py:161} INFO - Started process (PID=120) to work on /home/airflow/.local/lib/python3.8/site-packages/airflow/example_dags/tutorial.py
[2024-04-02T22:21:24.853+0000] {processor.py:830} INFO - Processing file /home/airflow/.local/lib/python3.8/site-packages/airflow/example_dags/tutorial.py for tasks to queue
[2024-04-02T22:21:24.853+0000] {logging_mixin.py:188} INFO - [2024-04-02T22:21:24.853+0000] {dagbag.py:540} INFO - Filling up the DagBag from /home/airflow/.local/lib/python3.8/site-packages/airflow/example_dags/tutorial.py
[2024-04-02T22:21:24.857+0000] {processor.py:840} INFO - DAG(s) 'tutorial' retrieved from /home/airflow/.local/lib/python3.8/site-packages/airflow/example_dags/tutorial.py
[2024-04-02T22:21:24.912+0000] {logging_mixin.py:188} INFO - [2024-04-02T22:21:24.912+0000] {dag.py:3047} INFO - Sync 1 DAGs
[2024-04-02T22:21:24.923+0000] {logging_mixin.py:188} INFO - [2024-04-02T22:21:24.923+0000] {dag.py:3834} INFO - Setting next_dagrun for tutorial to 2024-04-01 00:00:00+00:00, run_after=2024-04-02 00:00:00+00:00
[2024-04-02T22:21:24.949+0000] {processor.py:183} INFO - Processing /home/airflow/.local/lib/python3.8/site-packages/airflow/example_dags/tutorial.py took 0.099 seconds
[2024-04-02T22:21:55.370+0000] {processor.py:161} INFO - Started process (PID=175) to work on /home/airflow/.local/lib/python3.8/site-packages/airflow/example_dags/tutorial.py
[2024-04-02T22:21:55.371+0000] {processor.py:830} INFO - Processing file /home/airflow/.local/lib/python3.8/site-packages/airflow/example_dags/tutorial.py for tasks to queue
[2024-04-02T22:21:55.372+0000] {logging_mixin.py:188} INFO - [2024-04-02T22:21:55.371+0000] {dagbag.py:540} INFO - Filling up the DagBag from /home/airflow/.local/lib/python3.8/site-packages/airflow/example_dags/tutorial.py
[2024-04-02T22:21:55.376+0000] {processor.py:840} INFO - DAG(s) 'tutorial' retrieved from /home/airflow/.local/lib/python3.8/site-packages/airflow/example_dags/tutorial.py
[2024-04-02T22:21:55.393+0000] {logging_mixin.py:188} INFO - [2024-04-02T22:21:55.393+0000] {dag.py:3047} INFO - Sync 1 DAGs
[2024-04-02T22:21:55.407+0000] {logging_mixin.py:188} INFO - [2024-04-02T22:21:55.407+0000] {dag.py:3834} INFO - Setting next_dagrun for tutorial to 2024-04-01 00:00:00+00:00, run_after=2024-04-02 00:00:00+00:00
[2024-04-02T22:21:55.421+0000] {processor.py:183} INFO - Processing /home/airflow/.local/lib/python3.8/site-packages/airflow/example_dags/tutorial.py took 0.053 seconds
[2024-04-02T22:22:26.147+0000] {processor.py:161} INFO - Started process (PID=230) to work on /home/airflow/.local/lib/python3.8/site-packages/airflow/example_dags/tutorial.py
[2024-04-02T22:22:26.148+0000] {processor.py:830} INFO - Processing file /home/airflow/.local/lib/python3.8/site-packages/airflow/example_dags/tutorial.py for tasks to queue
[2024-04-02T22:22:26.149+0000] {logging_mixin.py:188} INFO - [2024-04-02T22:22:26.149+0000] {dagbag.py:540} INFO - Filling up the DagBag from /home/airflow/.local/lib/python3.8/site-packages/airflow/example_dags/tutorial.py
[2024-04-02T22:22:26.152+0000] {processor.py:840} INFO - DAG(s) 'tutorial' retrieved from /home/airflow/.local/lib/python3.8/site-packages/airflow/example_dags/tutorial.py
[2024-04-02T22:22:26.165+0000] {logging_mixin.py:188} INFO - [2024-04-02T22:22:26.164+0000] {dag.py:3047} INFO - Sync 1 DAGs
[2024-04-02T22:22:26.179+0000] {logging_mixin.py:188} INFO - [2024-04-02T22:22:26.179+0000] {dag.py:3834} INFO - Setting next_dagrun for tutorial to 2024-04-01 00:00:00+00:00, run_after=2024-04-02 00:00:00+00:00
[2024-04-02T22:22:26.191+0000] {processor.py:183} INFO - Processing /home/airflow/.local/lib/python3.8/site-packages/airflow/example_dags/tutorial.py took 0.046 seconds
