[2024-04-02T22:20:53.348+0000] {processor.py:161} INFO - Started process (PID=57) to work on /home/airflow/.local/lib/python3.8/site-packages/airflow/example_dags/tutorial_objectstorage.py
[2024-04-02T22:20:53.349+0000] {processor.py:830} INFO - Processing file /home/airflow/.local/lib/python3.8/site-packages/airflow/example_dags/tutorial_objectstorage.py for tasks to queue
[2024-04-02T22:20:53.349+0000] {logging_mixin.py:188} INFO - [2024-04-02T22:20:53.349+0000] {dagbag.py:540} INFO - Filling up the DagBag from /home/airflow/.local/lib/python3.8/site-packages/airflow/example_dags/tutorial_objectstorage.py
[2024-04-02T22:20:53.355+0000] {processor.py:840} INFO - DAG(s) 'tutorial_objectstorage' retrieved from /home/airflow/.local/lib/python3.8/site-packages/airflow/example_dags/tutorial_objectstorage.py
[2024-04-02T22:20:53.363+0000] {logging_mixin.py:188} INFO - [2024-04-02T22:20:53.363+0000] {dag.py:3047} INFO - Sync 1 DAGs
[2024-04-02T22:20:53.371+0000] {logging_mixin.py:188} INFO - [2024-04-02T22:20:53.371+0000] {dag.py:3834} INFO - Setting next_dagrun for tutorial_objectstorage to None, run_after=None
[2024-04-02T22:20:53.382+0000] {processor.py:183} INFO - Processing /home/airflow/.local/lib/python3.8/site-packages/airflow/example_dags/tutorial_objectstorage.py took 0.036 seconds
[2024-04-02T22:21:24.232+0000] {processor.py:161} INFO - Started process (PID=112) to work on /home/airflow/.local/lib/python3.8/site-packages/airflow/example_dags/tutorial_objectstorage.py
[2024-04-02T22:21:24.233+0000] {processor.py:830} INFO - Processing file /home/airflow/.local/lib/python3.8/site-packages/airflow/example_dags/tutorial_objectstorage.py for tasks to queue
[2024-04-02T22:21:24.234+0000] {logging_mixin.py:188} INFO - [2024-04-02T22:21:24.234+0000] {dagbag.py:540} INFO - Filling up the DagBag from /home/airflow/.local/lib/python3.8/site-packages/airflow/example_dags/tutorial_objectstorage.py
[2024-04-02T22:21:24.238+0000] {processor.py:840} INFO - DAG(s) 'tutorial_objectstorage' retrieved from /home/airflow/.local/lib/python3.8/site-packages/airflow/example_dags/tutorial_objectstorage.py
[2024-04-02T22:21:24.301+0000] {logging_mixin.py:188} INFO - [2024-04-02T22:21:24.301+0000] {dag.py:3047} INFO - Sync 1 DAGs
[2024-04-02T22:21:24.306+0000] {logging_mixin.py:188} INFO - [2024-04-02T22:21:24.306+0000] {dag.py:3834} INFO - Setting next_dagrun for tutorial_objectstorage to None, run_after=None
[2024-04-02T22:21:24.333+0000] {processor.py:183} INFO - Processing /home/airflow/.local/lib/python3.8/site-packages/airflow/example_dags/tutorial_objectstorage.py took 0.103 seconds
[2024-04-02T22:21:55.136+0000] {processor.py:161} INFO - Started process (PID=167) to work on /home/airflow/.local/lib/python3.8/site-packages/airflow/example_dags/tutorial_objectstorage.py
[2024-04-02T22:21:55.136+0000] {processor.py:830} INFO - Processing file /home/airflow/.local/lib/python3.8/site-packages/airflow/example_dags/tutorial_objectstorage.py for tasks to queue
[2024-04-02T22:21:55.137+0000] {logging_mixin.py:188} INFO - [2024-04-02T22:21:55.137+0000] {dagbag.py:540} INFO - Filling up the DagBag from /home/airflow/.local/lib/python3.8/site-packages/airflow/example_dags/tutorial_objectstorage.py
[2024-04-02T22:21:55.142+0000] {processor.py:840} INFO - DAG(s) 'tutorial_objectstorage' retrieved from /home/airflow/.local/lib/python3.8/site-packages/airflow/example_dags/tutorial_objectstorage.py
[2024-04-02T22:21:55.157+0000] {logging_mixin.py:188} INFO - [2024-04-02T22:21:55.157+0000] {dag.py:3047} INFO - Sync 1 DAGs
[2024-04-02T22:21:55.164+0000] {logging_mixin.py:188} INFO - [2024-04-02T22:21:55.164+0000] {dag.py:3834} INFO - Setting next_dagrun for tutorial_objectstorage to None, run_after=None
[2024-04-02T22:21:55.177+0000] {processor.py:183} INFO - Processing /home/airflow/.local/lib/python3.8/site-packages/airflow/example_dags/tutorial_objectstorage.py took 0.043 seconds
[2024-04-02T22:22:25.916+0000] {processor.py:161} INFO - Started process (PID=222) to work on /home/airflow/.local/lib/python3.8/site-packages/airflow/example_dags/tutorial_objectstorage.py
[2024-04-02T22:22:25.917+0000] {processor.py:830} INFO - Processing file /home/airflow/.local/lib/python3.8/site-packages/airflow/example_dags/tutorial_objectstorage.py for tasks to queue
[2024-04-02T22:22:25.917+0000] {logging_mixin.py:188} INFO - [2024-04-02T22:22:25.917+0000] {dagbag.py:540} INFO - Filling up the DagBag from /home/airflow/.local/lib/python3.8/site-packages/airflow/example_dags/tutorial_objectstorage.py
[2024-04-02T22:22:25.921+0000] {processor.py:840} INFO - DAG(s) 'tutorial_objectstorage' retrieved from /home/airflow/.local/lib/python3.8/site-packages/airflow/example_dags/tutorial_objectstorage.py
[2024-04-02T22:22:25.932+0000] {logging_mixin.py:188} INFO - [2024-04-02T22:22:25.932+0000] {dag.py:3047} INFO - Sync 1 DAGs
[2024-04-02T22:22:25.939+0000] {logging_mixin.py:188} INFO - [2024-04-02T22:22:25.939+0000] {dag.py:3834} INFO - Setting next_dagrun for tutorial_objectstorage to None, run_after=None
[2024-04-02T22:22:25.949+0000] {processor.py:183} INFO - Processing /home/airflow/.local/lib/python3.8/site-packages/airflow/example_dags/tutorial_objectstorage.py took 0.035 seconds
