[2024-04-02T22:20:53.094+0000] {processor.py:161} INFO - Started process (PID=53) to work on /home/airflow/.local/lib/python3.8/site-packages/airflow/example_dags/tutorial_dag.py
[2024-04-02T22:20:53.095+0000] {processor.py:830} INFO - Processing file /home/airflow/.local/lib/python3.8/site-packages/airflow/example_dags/tutorial_dag.py for tasks to queue
[2024-04-02T22:20:53.096+0000] {logging_mixin.py:188} INFO - [2024-04-02T22:20:53.096+0000] {dagbag.py:540} INFO - Filling up the DagBag from /home/airflow/.local/lib/python3.8/site-packages/airflow/example_dags/tutorial_dag.py
[2024-04-02T22:20:53.101+0000] {processor.py:840} INFO - DAG(s) 'tutorial_dag' retrieved from /home/airflow/.local/lib/python3.8/site-packages/airflow/example_dags/tutorial_dag.py
[2024-04-02T22:20:53.111+0000] {logging_mixin.py:188} INFO - [2024-04-02T22:20:53.111+0000] {dag.py:3047} INFO - Sync 1 DAGs
[2024-04-02T22:20:53.123+0000] {logging_mixin.py:188} INFO - [2024-04-02T22:20:53.122+0000] {dag.py:3834} INFO - Setting next_dagrun for tutorial_dag to None, run_after=None
[2024-04-02T22:20:53.140+0000] {processor.py:183} INFO - Processing /home/airflow/.local/lib/python3.8/site-packages/airflow/example_dags/tutorial_dag.py took 0.048 seconds
[2024-04-02T22:21:23.787+0000] {processor.py:161} INFO - Started process (PID=108) to work on /home/airflow/.local/lib/python3.8/site-packages/airflow/example_dags/tutorial_dag.py
[2024-04-02T22:21:23.787+0000] {processor.py:830} INFO - Processing file /home/airflow/.local/lib/python3.8/site-packages/airflow/example_dags/tutorial_dag.py for tasks to queue
[2024-04-02T22:21:23.788+0000] {logging_mixin.py:188} INFO - [2024-04-02T22:21:23.788+0000] {dagbag.py:540} INFO - Filling up the DagBag from /home/airflow/.local/lib/python3.8/site-packages/airflow/example_dags/tutorial_dag.py
[2024-04-02T22:21:23.792+0000] {processor.py:840} INFO - DAG(s) 'tutorial_dag' retrieved from /home/airflow/.local/lib/python3.8/site-packages/airflow/example_dags/tutorial_dag.py
[2024-04-02T22:21:23.867+0000] {logging_mixin.py:188} INFO - [2024-04-02T22:21:23.867+0000] {dag.py:3047} INFO - Sync 1 DAGs
[2024-04-02T22:21:23.874+0000] {logging_mixin.py:188} INFO - [2024-04-02T22:21:23.874+0000] {dag.py:3834} INFO - Setting next_dagrun for tutorial_dag to None, run_after=None
[2024-04-02T22:21:23.895+0000] {processor.py:183} INFO - Processing /home/airflow/.local/lib/python3.8/site-packages/airflow/example_dags/tutorial_dag.py took 0.110 seconds
[2024-04-02T22:21:53.961+0000] {processor.py:161} INFO - Started process (PID=163) to work on /home/airflow/.local/lib/python3.8/site-packages/airflow/example_dags/tutorial_dag.py
[2024-04-02T22:21:53.962+0000] {processor.py:830} INFO - Processing file /home/airflow/.local/lib/python3.8/site-packages/airflow/example_dags/tutorial_dag.py for tasks to queue
[2024-04-02T22:21:53.963+0000] {logging_mixin.py:188} INFO - [2024-04-02T22:21:53.963+0000] {dagbag.py:540} INFO - Filling up the DagBag from /home/airflow/.local/lib/python3.8/site-packages/airflow/example_dags/tutorial_dag.py
[2024-04-02T22:21:53.967+0000] {processor.py:840} INFO - DAG(s) 'tutorial_dag' retrieved from /home/airflow/.local/lib/python3.8/site-packages/airflow/example_dags/tutorial_dag.py
[2024-04-02T22:21:53.978+0000] {logging_mixin.py:188} INFO - [2024-04-02T22:21:53.978+0000] {dag.py:3047} INFO - Sync 1 DAGs
[2024-04-02T22:21:53.984+0000] {logging_mixin.py:188} INFO - [2024-04-02T22:21:53.984+0000] {dag.py:3834} INFO - Setting next_dagrun for tutorial_dag to None, run_after=None
[2024-04-02T22:21:53.995+0000] {processor.py:183} INFO - Processing /home/airflow/.local/lib/python3.8/site-packages/airflow/example_dags/tutorial_dag.py took 0.036 seconds
[2024-04-02T22:22:24.746+0000] {processor.py:161} INFO - Started process (PID=218) to work on /home/airflow/.local/lib/python3.8/site-packages/airflow/example_dags/tutorial_dag.py
[2024-04-02T22:22:24.747+0000] {processor.py:830} INFO - Processing file /home/airflow/.local/lib/python3.8/site-packages/airflow/example_dags/tutorial_dag.py for tasks to queue
[2024-04-02T22:22:24.748+0000] {logging_mixin.py:188} INFO - [2024-04-02T22:22:24.748+0000] {dagbag.py:540} INFO - Filling up the DagBag from /home/airflow/.local/lib/python3.8/site-packages/airflow/example_dags/tutorial_dag.py
[2024-04-02T22:22:24.750+0000] {processor.py:840} INFO - DAG(s) 'tutorial_dag' retrieved from /home/airflow/.local/lib/python3.8/site-packages/airflow/example_dags/tutorial_dag.py
[2024-04-02T22:22:24.761+0000] {logging_mixin.py:188} INFO - [2024-04-02T22:22:24.761+0000] {dag.py:3047} INFO - Sync 1 DAGs
[2024-04-02T22:22:24.767+0000] {logging_mixin.py:188} INFO - [2024-04-02T22:22:24.766+0000] {dag.py:3834} INFO - Setting next_dagrun for tutorial_dag to None, run_after=None
[2024-04-02T22:22:24.776+0000] {processor.py:183} INFO - Processing /home/airflow/.local/lib/python3.8/site-packages/airflow/example_dags/tutorial_dag.py took 0.031 seconds
